-- The C compiler identification is GNU 11.4.0
-- The CXX compiler identification is GNU 11.4.0
-- Detecting C compiler ABI info
-- Detecting C compiler ABI info - done
-- Check for working C compiler: /usr/bin/cc - skipped
-- Detecting C compile features
-- Detecting C compile features - done
-- Detecting CXX compiler ABI info
-- Detecting CXX compiler ABI info - done
-- Check for working CXX compiler: /usr/bin/c++ - skipped
-- Detecting CXX compile features
-- Detecting CXX compile features - done
-- Found ament_cmake: 1.3.11 (/opt/ros/humble/share/ament_cmake/cmake)
-- Found Python3: /usr/bin/python3 (found version "3.10.12") found components: Interpreter 
-- Override CMake install command with custom implementation using symlinks instead of copying resources
-- Found rclpy: 3.3.16 (/opt/ros/humble/share/rclpy/cmake)
-- Found std_msgs: 4.8.0 (/opt/ros/humble/share/std_msgs/cmake)
-- Found rosidl_generator_c: 3.1.6 (/opt/ros/humble/share/rosidl_generator_c/cmake)
-- Found rosidl_adapter: 3.1.6 (/opt/ros/humble/share/rosidl_adapter/cmake)
-- Found rosidl_generator_cpp: 3.1.6 (/opt/ros/humble/share/rosidl_generator_cpp/cmake)
-- Using all available rosidl_typesupport_c: rosidl_typesupport_fastrtps_c;rosidl_typesupport_introspection_c
-- Using all available rosidl_typesupport_cpp: rosidl_typesupport_fastrtps_cpp;rosidl_typesupport_introspection_cpp
-- Found geometry_msgs: 4.8.0 (/opt/ros/humble/share/geometry_msgs/cmake)
-- Found turtlesim: 1.4.2 (/opt/ros/humble/share/turtlesim/cmake)
-- Found rosidl_default_generators: 1.2.0 (/opt/ros/humble/share/rosidl_default_generators/cmake)
-- Found ament_cmake_ros: 0.10.0 (/opt/ros/humble/share/ament_cmake_ros/cmake)
-- Using all available rosidl_typesupport_c: rosidl_typesupport_fastrtps_c;rosidl_typesupport_introspection_c
-- Using all available rosidl_typesupport_cpp: rosidl_typesupport_fastrtps_cpp;rosidl_typesupport_introspection_cpp
-- Found PythonInterp: /usr/bin/python3 (found suitable version "3.10.12", minimum required is "3.6") 
-- Found python_cmake_module: 0.10.0 (/opt/ros/humble/share/python_cmake_module/cmake)
-- Found PythonLibs: /usr/lib/x86_64-linux-gnu/libpython3.10.so (found suitable version "3.10.12", minimum required is "3.5") 
-- Using PYTHON_EXECUTABLE: /usr/bin/python3
-- Using PYTHON_INCLUDE_DIRS: /usr/include/python3.10
-- Using PYTHON_LIBRARIES: /usr/lib/x86_64-linux-gnu/libpython3.10.so
-- Found PythonExtra: .so  
-- Configuring done
-- Generating done
-- Build files have been written to: /home/pruizayastuy/turtle_nav_ws/build/turtle_navigator
[  1%] [34m[1mGenerating C code for ROS interfaces[0m
[  3%] [34m[1mGenerating C++ code for ROS interfaces[0m
[  3%] Built target turtle_navigator__cpp
[  3%] Built target ament_cmake_python_symlink_turtle_navigator
[  4%] [34m[1mGenerating C++ type support dispatch for ROS interfaces[0m
[  6%] [32mBuilding C object CMakeFiles/turtle_navigator__rosidl_generator_c.dir/rosidl_generator_c/turtle_navigator/msg/detail/target_pose__functions.c.o[0m
[  7%] [32mBuilding C object CMakeFiles/turtle_navigator__rosidl_generator_c.dir/rosidl_generator_c/turtle_navigator/msg/detail/robot_state__functions.c.o[0m
[  9%] [32mBuilding C object CMakeFiles/turtle_navigator__rosidl_generator_c.dir/rosidl_generator_c/turtle_navigator/srv/detail/add_waypoint__functions.c.o[0m
[ 11%] [32mBuilding C object CMakeFiles/turtle_navigator__rosidl_generator_c.dir/rosidl_generator_c/turtle_navigator/srv/detail/clear_waypoints__functions.c.o[0m
[ 12%] [32mBuilding C object CMakeFiles/turtle_navigator__rosidl_generator_c.dir/rosidl_generator_c/turtle_navigator/srv/detail/set_control_params__functions.c.o[0m
[ 14%] [32mBuilding CXX object CMakeFiles/turtle_navigator__rosidl_typesupport_cpp.dir/rosidl_typesupport_cpp/turtle_navigator/msg/target_pose__type_support.cpp.o[0m
[ 15%] [32m[1mLinking C shared library libturtle_navigator__rosidl_generator_c.so[0m
[ 15%] Built target turtle_navigator__rosidl_generator_c
[ 17%] [32mBuilding CXX object CMakeFiles/turtle_navigator__rosidl_typesupport_cpp.dir/rosidl_typesupport_cpp/turtle_navigator/msg/robot_state__type_support.cpp.o[0m
[ 19%] [34m[1mGenerating C++ type support for eProsima Fast-RTPS[0m
[ 20%] [32mBuilding CXX object CMakeFiles/turtle_navigator__rosidl_typesupport_cpp.dir/rosidl_typesupport_cpp/turtle_navigator/srv/add_waypoint__type_support.cpp.o[0m
[ 22%] [32mBuilding CXX object CMakeFiles/turtle_navigator__rosidl_typesupport_cpp.dir/rosidl_typesupport_cpp/turtle_navigator/srv/clear_waypoints__type_support.cpp.o[0m
[ 23%] [32mBuilding CXX object CMakeFiles/turtle_navigator__rosidl_typesupport_fastrtps_cpp.dir/rosidl_typesupport_fastrtps_cpp/turtle_navigator/msg/detail/dds_fastrtps/target_pose__type_support.cpp.o[0m
[ 25%] [32mBuilding CXX object CMakeFiles/turtle_navigator__rosidl_typesupport_cpp.dir/rosidl_typesupport_cpp/turtle_navigator/srv/set_control_params__type_support.cpp.o[0m
[ 26%] [32m[1mLinking CXX shared library libturtle_navigator__rosidl_typesupport_cpp.so[0m
[ 26%] Built target turtle_navigator__rosidl_typesupport_cpp
[ 28%] [34m[1mGenerating C introspection for ROS interfaces[0m
[ 30%] [32mBuilding CXX object CMakeFiles/turtle_navigator__rosidl_typesupport_fastrtps_cpp.dir/rosidl_typesupport_fastrtps_cpp/turtle_navigator/msg/detail/dds_fastrtps/robot_state__type_support.cpp.o[0m
[ 31%] [32mBuilding CXX object CMakeFiles/turtle_navigator__rosidl_typesupport_fastrtps_cpp.dir/rosidl_typesupport_fastrtps_cpp/turtle_navigator/srv/detail/dds_fastrtps/add_waypoint__type_support.cpp.o[0m
[ 33%] [32mBuilding C object CMakeFiles/turtle_navigator__rosidl_typesupport_introspection_c.dir/rosidl_typesupport_introspection_c/turtle_navigator/msg/detail/target_pose__type_support.c.o[0m
[ 34%] [32mBuilding C object CMakeFiles/turtle_navigator__rosidl_typesupport_introspection_c.dir/rosidl_typesupport_introspection_c/turtle_navigator/msg/detail/robot_state__type_support.c.o[0m
[ 36%] [32mBuilding C object CMakeFiles/turtle_navigator__rosidl_typesupport_introspection_c.dir/rosidl_typesupport_introspection_c/turtle_navigator/srv/detail/add_waypoint__type_support.c.o[0m
[ 38%] [32mBuilding C object CMakeFiles/turtle_navigator__rosidl_typesupport_introspection_c.dir/rosidl_typesupport_introspection_c/turtle_navigator/srv/detail/clear_waypoints__type_support.c.o[0m
[ 39%] [32mBuilding C object CMakeFiles/turtle_navigator__rosidl_typesupport_introspection_c.dir/rosidl_typesupport_introspection_c/turtle_navigator/srv/detail/set_control_params__type_support.c.o[0m
[ 41%] [32m[1mLinking C shared library libturtle_navigator__rosidl_typesupport_introspection_c.so[0m
[ 41%] Built target turtle_navigator__rosidl_typesupport_introspection_c
[ 42%] [34m[1mGenerating C type support dispatch for ROS interfaces[0m
[ 44%] [32mBuilding CXX object CMakeFiles/turtle_navigator__rosidl_typesupport_fastrtps_cpp.dir/rosidl_typesupport_fastrtps_cpp/turtle_navigator/srv/detail/dds_fastrtps/clear_waypoints__type_support.cpp.o[0m
[ 46%] [32mBuilding CXX object CMakeFiles/turtle_navigator__rosidl_typesupport_c.dir/rosidl_typesupport_c/turtle_navigator/msg/target_pose__type_support.cpp.o[0m
[ 47%] [32mBuilding CXX object CMakeFiles/turtle_navigator__rosidl_typesupport_fastrtps_cpp.dir/rosidl_typesupport_fastrtps_cpp/turtle_navigator/srv/detail/dds_fastrtps/set_control_params__type_support.cpp.o[0m
[ 49%] [32mBuilding CXX object CMakeFiles/turtle_navigator__rosidl_typesupport_c.dir/rosidl_typesupport_c/turtle_navigator/msg/robot_state__type_support.cpp.o[0m
[ 50%] [32mBuilding CXX object CMakeFiles/turtle_navigator__rosidl_typesupport_c.dir/rosidl_typesupport_c/turtle_navigator/srv/add_waypoint__type_support.cpp.o[0m
[ 52%] [32mBuilding CXX object CMakeFiles/turtle_navigator__rosidl_typesupport_c.dir/rosidl_typesupport_c/turtle_navigator/srv/clear_waypoints__type_support.cpp.o[0m
[ 53%] [32mBuilding CXX object CMakeFiles/turtle_navigator__rosidl_typesupport_c.dir/rosidl_typesupport_c/turtle_navigator/srv/set_control_params__type_support.cpp.o[0m
[ 55%] [32m[1mLinking CXX shared library libturtle_navigator__rosidl_typesupport_c.so[0m
[ 55%] Built target turtle_navigator__rosidl_typesupport_c
[ 57%] [34m[1mGenerating C++ introspection for ROS interfaces[0m
[ 58%] [32m[1mLinking CXX shared library libturtle_navigator__rosidl_typesupport_fastrtps_cpp.so[0m
[ 58%] Built target turtle_navigator__rosidl_typesupport_fastrtps_cpp
running egg_info
creating turtle_navigator.egg-info
writing turtle_navigator.egg-info/PKG-INFO
writing dependency_links to turtle_navigator.egg-info/dependency_links.txt
writing top-level names to turtle_navigator.egg-info/top_level.txt
writing manifest file 'turtle_navigator.egg-info/SOURCES.txt'
reading manifest file 'turtle_navigator.egg-info/SOURCES.txt'
writing manifest file 'turtle_navigator.egg-info/SOURCES.txt'
[ 58%] Built target ament_cmake_python_build_turtle_navigator_egg
[ 60%] [34m[1mGenerating C type support for eProsima Fast-RTPS[0m
[ 61%] [32mBuilding CXX object CMakeFiles/turtle_navigator__rosidl_typesupport_introspection_cpp.dir/rosidl_typesupport_introspection_cpp/turtle_navigator/msg/detail/target_pose__type_support.cpp.o[0m
[ 63%] [32mBuilding CXX object CMakeFiles/turtle_navigator__rosidl_typesupport_introspection_cpp.dir/rosidl_typesupport_introspection_cpp/turtle_navigator/msg/detail/robot_state__type_support.cpp.o[0m
[ 65%] [32mBuilding CXX object CMakeFiles/turtle_navigator__rosidl_typesupport_fastrtps_c.dir/rosidl_typesupport_fastrtps_c/turtle_navigator/msg/detail/target_pose__type_support_c.cpp.o[0m
[ 66%] [32mBuilding CXX object CMakeFiles/turtle_navigator__rosidl_typesupport_introspection_cpp.dir/rosidl_typesupport_introspection_cpp/turtle_navigator/srv/detail/add_waypoint__type_support.cpp.o[0m
[ 68%] [32mBuilding CXX object CMakeFiles/turtle_navigator__rosidl_typesupport_fastrtps_c.dir/rosidl_typesupport_fastrtps_c/turtle_navigator/msg/detail/robot_state__type_support_c.cpp.o[0m
[ 69%] [32mBuilding CXX object CMakeFiles/turtle_navigator__rosidl_typesupport_introspection_cpp.dir/rosidl_typesupport_introspection_cpp/turtle_navigator/srv/detail/clear_waypoints__type_support.cpp.o[0m
[ 71%] [32mBuilding CXX object CMakeFiles/turtle_navigator__rosidl_typesupport_fastrtps_c.dir/rosidl_typesupport_fastrtps_c/turtle_navigator/srv/detail/add_waypoint__type_support_c.cpp.o[0m
[ 73%] [32mBuilding CXX object CMakeFiles/turtle_navigator__rosidl_typesupport_introspection_cpp.dir/rosidl_typesupport_introspection_cpp/turtle_navigator/srv/detail/set_control_params__type_support.cpp.o[0m
[ 74%] [32mBuilding CXX object CMakeFiles/turtle_navigator__rosidl_typesupport_fastrtps_c.dir/rosidl_typesupport_fastrtps_c/turtle_navigator/srv/detail/clear_waypoints__type_support_c.cpp.o[0m
[ 76%] [32m[1mLinking CXX shared library libturtle_navigator__rosidl_typesupport_introspection_cpp.so[0m
[ 76%] Built target turtle_navigator__rosidl_typesupport_introspection_cpp
[ 77%] [32mBuilding CXX object CMakeFiles/turtle_navigator__rosidl_typesupport_fastrtps_c.dir/rosidl_typesupport_fastrtps_c/turtle_navigator/srv/detail/set_control_params__type_support_c.cpp.o[0m
[ 79%] [32m[1mLinking CXX shared library libturtle_navigator__rosidl_typesupport_fastrtps_c.so[0m
[ 79%] Built target turtle_navigator__rosidl_typesupport_fastrtps_c
[ 79%] Built target turtle_navigator
[ 80%] [34m[1mGenerating Python code for ROS interfaces[0m
[ 80%] Built target turtle_navigator__py
[ 82%] [32mBuilding C object CMakeFiles/turtle_navigator__rosidl_generator_py.dir/rosidl_generator_py/turtle_navigator/msg/_target_pose_s.c.o[0m
[ 84%] [32mBuilding C object CMakeFiles/turtle_navigator__rosidl_generator_py.dir/rosidl_generator_py/turtle_navigator/msg/_robot_state_s.c.o[0m
[ 85%] [32mBuilding C object CMakeFiles/turtle_navigator__rosidl_generator_py.dir/rosidl_generator_py/turtle_navigator/srv/_add_waypoint_s.c.o[0m
[ 87%] [32mBuilding C object CMakeFiles/turtle_navigator__rosidl_generator_py.dir/rosidl_generator_py/turtle_navigator/srv/_clear_waypoints_s.c.o[0m
[ 88%] [32mBuilding C object CMakeFiles/turtle_navigator__rosidl_generator_py.dir/rosidl_generator_py/turtle_navigator/srv/_set_control_params_s.c.o[0m
[ 90%] [32m[1mLinking C shared library rosidl_generator_py/turtle_navigator/libturtle_navigator__rosidl_generator_py.so[0m
[ 90%] Built target turtle_navigator__rosidl_generator_py
[ 92%] [32mBuilding C object CMakeFiles/turtle_navigator__rosidl_typesupport_introspection_c__pyext.dir/rosidl_generator_py/turtle_navigator/_turtle_navigator_s.ep.rosidl_typesupport_introspection_c.c.o[0m
[ 93%] [32mBuilding C object CMakeFiles/turtle_navigator__rosidl_typesupport_fastrtps_c__pyext.dir/rosidl_generator_py/turtle_navigator/_turtle_navigator_s.ep.rosidl_typesupport_fastrtps_c.c.o[0m
[ 95%] [32m[1mLinking C shared library rosidl_generator_py/turtle_navigator/turtle_navigator_s__rosidl_typesupport_introspection_c.cpython-310-x86_64-linux-gnu.so[0m
[ 96%] [32m[1mLinking C shared library rosidl_generator_py/turtle_navigator/turtle_navigator_s__rosidl_typesupport_fastrtps_c.cpython-310-x86_64-linux-gnu.so[0m
[ 96%] Built target turtle_navigator__rosidl_typesupport_introspection_c__pyext
[ 98%] [32mBuilding C object CMakeFiles/turtle_navigator__rosidl_typesupport_c__pyext.dir/rosidl_generator_py/turtle_navigator/_turtle_navigator_s.ep.rosidl_typesupport_c.c.o[0m
[ 98%] Built target turtle_navigator__rosidl_typesupport_fastrtps_c__pyext
[100%] [32m[1mLinking C shared library rosidl_generator_py/turtle_navigator/turtle_navigator_s__rosidl_typesupport_c.cpython-310-x86_64-linux-gnu.so[0m
[100%] Built target turtle_navigator__rosidl_typesupport_c__pyext
-- Install configuration: ""
-- Execute custom install script
-- Symlinking: /home/pruizayastuy/turtle_nav_ws/install/turtle_navigator/share/ament_index/resource_index/rosidl_interfaces/turtle_navigator
-- Symlinking: /home/pruizayastuy/turtle_nav_ws/install/turtle_navigator/include/turtle_navigator/turtle_navigator/msg/detail/robot_state__functions.h
-- Symlinking: /home/pruizayastuy/turtle_nav_ws/install/turtle_navigator/include/turtle_navigator/turtle_navigator/msg/detail/robot_state__struct.h
-- Symlinking: /home/pruizayastuy/turtle_nav_ws/install/turtle_navigator/include/turtle_navigator/turtle_navigator/msg/detail/robot_state__type_support.h
-- Symlinking: /home/pruizayastuy/turtle_nav_ws/install/turtle_navigator/include/turtle_navigator/turtle_navigator/msg/detail/target_pose__functions.h
-- Symlinking: /home/pruizayastuy/turtle_nav_ws/install/turtle_navigator/include/turtle_navigator/turtle_navigator/msg/detail/target_pose__struct.h
-- Symlinking: /home/pruizayastuy/turtle_nav_ws/install/turtle_navigator/include/turtle_navigator/turtle_navigator/msg/detail/target_pose__type_support.h
-- Symlinking: /home/pruizayastuy/turtle_nav_ws/install/turtle_navigator/include/turtle_navigator/turtle_navigator/msg/robot_state.h
-- Symlinking: /home/pruizayastuy/turtle_nav_ws/install/turtle_navigator/include/turtle_navigator/turtle_navigator/msg/rosidl_generator_c__visibility_control.h
-- Symlinking: /home/pruizayastuy/turtle_nav_ws/install/turtle_navigator/include/turtle_navigator/turtle_navigator/msg/target_pose.h
-- Symlinking: /home/pruizayastuy/turtle_nav_ws/install/turtle_navigator/include/turtle_navigator/turtle_navigator/srv/add_waypoint.h
-- Symlinking: /home/pruizayastuy/turtle_nav_ws/install/turtle_navigator/include/turtle_navigator/turtle_navigator/srv/clear_waypoints.h
-- Symlinking: /home/pruizayastuy/turtle_nav_ws/install/turtle_navigator/include/turtle_navigator/turtle_navigator/srv/detail/add_waypoint__functions.h
-- Symlinking: /home/pruizayastuy/turtle_nav_ws/install/turtle_navigator/include/turtle_navigator/turtle_navigator/srv/detail/add_waypoint__struct.h
-- Symlinking: /home/pruizayastuy/turtle_nav_ws/install/turtle_navigator/include/turtle_navigator/turtle_navigator/srv/detail/add_waypoint__type_support.h
-- Symlinking: /home/pruizayastuy/turtle_nav_ws/install/turtle_navigator/include/turtle_navigator/turtle_navigator/srv/detail/clear_waypoints__functions.h
-- Symlinking: /home/pruizayastuy/turtle_nav_ws/install/turtle_navigator/include/turtle_navigator/turtle_navigator/srv/detail/clear_waypoints__struct.h
-- Symlinking: /home/pruizayastuy/turtle_nav_ws/install/turtle_navigator/include/turtle_navigator/turtle_navigator/srv/detail/clear_waypoints__type_support.h
-- Symlinking: /home/pruizayastuy/turtle_nav_ws/install/turtle_navigator/include/turtle_navigator/turtle_navigator/srv/detail/set_control_params__functions.h
-- Symlinking: /home/pruizayastuy/turtle_nav_ws/install/turtle_navigator/include/turtle_navigator/turtle_navigator/srv/detail/set_control_params__struct.h
-- Symlinking: /home/pruizayastuy/turtle_nav_ws/install/turtle_navigator/include/turtle_navigator/turtle_navigator/srv/detail/set_control_params__type_support.h
-- Symlinking: /home/pruizayastuy/turtle_nav_ws/install/turtle_navigator/include/turtle_navigator/turtle_navigator/srv/set_control_params.h
-- Symlinking: /home/pruizayastuy/turtle_nav_ws/install/turtle_navigator/share/turtle_navigator/environment/library_path.sh
-- Symlinking: /home/pruizayastuy/turtle_nav_ws/install/turtle_navigator/share/turtle_navigator/environment/library_path.dsv
-- Symlinking: /home/pruizayastuy/turtle_nav_ws/install/turtle_navigator/include/turtle_navigator/turtle_navigator/msg/detail/robot_state__rosidl_typesupport_fastrtps_c.h
-- Symlinking: /home/pruizayastuy/turtle_nav_ws/install/turtle_navigator/include/turtle_navigator/turtle_navigator/msg/detail/target_pose__rosidl_typesupport_fastrtps_c.h
-- Symlinking: /home/pruizayastuy/turtle_nav_ws/install/turtle_navigator/include/turtle_navigator/turtle_navigator/msg/rosidl_typesupport_fastrtps_c__visibility_control.h
-- Symlinking: /home/pruizayastuy/turtle_nav_ws/install/turtle_navigator/include/turtle_navigator/turtle_navigator/srv/detail/add_waypoint__rosidl_typesupport_fastrtps_c.h
-- Symlinking: /home/pruizayastuy/turtle_nav_ws/install/turtle_navigator/include/turtle_navigator/turtle_navigator/srv/detail/clear_waypoints__rosidl_typesupport_fastrtps_c.h
-- Symlinking: /home/pruizayastuy/turtle_nav_ws/install/turtle_navigator/include/turtle_navigator/turtle_navigator/srv/detail/set_control_params__rosidl_typesupport_fastrtps_c.h
-- Symlinking: /home/pruizayastuy/turtle_nav_ws/install/turtle_navigator/include/turtle_navigator/turtle_navigator/msg/detail/robot_state__builder.hpp
-- Symlinking: /home/pruizayastuy/turtle_nav_ws/install/turtle_navigator/include/turtle_navigator/turtle_navigator/msg/detail/robot_state__struct.hpp
-- Symlinking: /home/pruizayastuy/turtle_nav_ws/install/turtle_navigator/include/turtle_navigator/turtle_navigator/msg/detail/robot_state__traits.hpp
-- Symlinking: /home/pruizayastuy/turtle_nav_ws/install/turtle_navigator/include/turtle_navigator/turtle_navigator/msg/detail/robot_state__type_support.hpp
-- Symlinking: /home/pruizayastuy/turtle_nav_ws/install/turtle_navigator/include/turtle_navigator/turtle_navigator/msg/detail/target_pose__builder.hpp
-- Symlinking: /home/pruizayastuy/turtle_nav_ws/install/turtle_navigator/include/turtle_navigator/turtle_navigator/msg/detail/target_pose__struct.hpp
-- Symlinking: /home/pruizayastuy/turtle_nav_ws/install/turtle_navigator/include/turtle_navigator/turtle_navigator/msg/detail/target_pose__traits.hpp
-- Symlinking: /home/pruizayastuy/turtle_nav_ws/install/turtle_navigator/include/turtle_navigator/turtle_navigator/msg/detail/target_pose__type_support.hpp
-- Symlinking: /home/pruizayastuy/turtle_nav_ws/install/turtle_navigator/include/turtle_navigator/turtle_navigator/msg/robot_state.hpp
-- Symlinking: /home/pruizayastuy/turtle_nav_ws/install/turtle_navigator/include/turtle_navigator/turtle_navigator/msg/rosidl_generator_cpp__visibility_control.hpp
-- Symlinking: /home/pruizayastuy/turtle_nav_ws/install/turtle_navigator/include/turtle_navigator/turtle_navigator/msg/target_pose.hpp
-- Symlinking: /home/pruizayastuy/turtle_nav_ws/install/turtle_navigator/include/turtle_navigator/turtle_navigator/srv/add_waypoint.hpp
-- Symlinking: /home/pruizayastuy/turtle_nav_ws/install/turtle_navigator/include/turtle_navigator/turtle_navigator/srv/clear_waypoints.hpp
-- Symlinking: /home/pruizayastuy/turtle_nav_ws/install/turtle_navigator/include/turtle_navigator/turtle_navigator/srv/detail/add_waypoint__builder.hpp
-- Symlinking: /home/pruizayastuy/turtle_nav_ws/install/turtle_navigator/include/turtle_navigator/turtle_navigator/srv/detail/add_waypoint__struct.hpp
-- Symlinking: /home/pruizayastuy/turtle_nav_ws/install/turtle_navigator/include/turtle_navigator/turtle_navigator/srv/detail/add_waypoint__traits.hpp
-- Symlinking: /home/pruizayastuy/turtle_nav_ws/install/turtle_navigator/include/turtle_navigator/turtle_navigator/srv/detail/add_waypoint__type_support.hpp
-- Symlinking: /home/pruizayastuy/turtle_nav_ws/install/turtle_navigator/include/turtle_navigator/turtle_navigator/srv/detail/clear_waypoints__builder.hpp
-- Symlinking: /home/pruizayastuy/turtle_nav_ws/install/turtle_navigator/include/turtle_navigator/turtle_navigator/srv/detail/clear_waypoints__struct.hpp
-- Symlinking: /home/pruizayastuy/turtle_nav_ws/install/turtle_navigator/include/turtle_navigator/turtle_navigator/srv/detail/clear_waypoints__traits.hpp
-- Symlinking: /home/pruizayastuy/turtle_nav_ws/install/turtle_navigator/include/turtle_navigator/turtle_navigator/srv/detail/clear_waypoints__type_support.hpp
-- Symlinking: /home/pruizayastuy/turtle_nav_ws/install/turtle_navigator/include/turtle_navigator/turtle_navigator/srv/detail/set_control_params__builder.hpp
-- Symlinking: /home/pruizayastuy/turtle_nav_ws/install/turtle_navigator/include/turtle_navigator/turtle_navigator/srv/detail/set_control_params__struct.hpp
-- Symlinking: /home/pruizayastuy/turtle_nav_ws/install/turtle_navigator/include/turtle_navigator/turtle_navigator/srv/detail/set_control_params__traits.hpp
-- Symlinking: /home/pruizayastuy/turtle_nav_ws/install/turtle_navigator/include/turtle_navigator/turtle_navigator/srv/detail/set_control_params__type_support.hpp
-- Symlinking: /home/pruizayastuy/turtle_nav_ws/install/turtle_navigator/include/turtle_navigator/turtle_navigator/srv/set_control_params.hpp
-- Symlinking: /home/pruizayastuy/turtle_nav_ws/install/turtle_navigator/include/turtle_navigator/turtle_navigator/msg/detail/robot_state__rosidl_typesupport_fastrtps_cpp.hpp
-- Symlinking: /home/pruizayastuy/turtle_nav_ws/install/turtle_navigator/include/turtle_navigator/turtle_navigator/msg/detail/target_pose__rosidl_typesupport_fastrtps_cpp.hpp
-- Symlinking: /home/pruizayastuy/turtle_nav_ws/install/turtle_navigator/include/turtle_navigator/turtle_navigator/msg/rosidl_typesupport_fastrtps_cpp__visibility_control.h
-- Symlinking: /home/pruizayastuy/turtle_nav_ws/install/turtle_navigator/include/turtle_navigator/turtle_navigator/srv/detail/add_waypoint__rosidl_typesupport_fastrtps_cpp.hpp
-- Symlinking: /home/pruizayastuy/turtle_nav_ws/install/turtle_navigator/include/turtle_navigator/turtle_navigator/srv/detail/clear_waypoints__rosidl_typesupport_fastrtps_cpp.hpp
-- Symlinking: /home/pruizayastuy/turtle_nav_ws/install/turtle_navigator/include/turtle_navigator/turtle_navigator/srv/detail/set_control_params__rosidl_typesupport_fastrtps_cpp.hpp
-- Symlinking: /home/pruizayastuy/turtle_nav_ws/install/turtle_navigator/include/turtle_navigator/turtle_navigator/msg/detail/robot_state__rosidl_typesupport_introspection_c.h
-- Symlinking: /home/pruizayastuy/turtle_nav_ws/install/turtle_navigator/include/turtle_navigator/turtle_navigator/msg/detail/target_pose__rosidl_typesupport_introspection_c.h
-- Symlinking: /home/pruizayastuy/turtle_nav_ws/install/turtle_navigator/include/turtle_navigator/turtle_navigator/msg/rosidl_typesupport_introspection_c__visibility_control.h
-- Symlinking: /home/pruizayastuy/turtle_nav_ws/install/turtle_navigator/include/turtle_navigator/turtle_navigator/srv/detail/add_waypoint__rosidl_typesupport_introspection_c.h
-- Symlinking: /home/pruizayastuy/turtle_nav_ws/install/turtle_navigator/include/turtle_navigator/turtle_navigator/srv/detail/clear_waypoints__rosidl_typesupport_introspection_c.h
-- Symlinking: /home/pruizayastuy/turtle_nav_ws/install/turtle_navigator/include/turtle_navigator/turtle_navigator/srv/detail/set_control_params__rosidl_typesupport_introspection_c.h
-- Symlinking: /home/pruizayastuy/turtle_nav_ws/install/turtle_navigator/include/turtle_navigator/turtle_navigator/msg/detail/robot_state__rosidl_typesupport_introspection_cpp.hpp
-- Symlinking: /home/pruizayastuy/turtle_nav_ws/install/turtle_navigator/include/turtle_navigator/turtle_navigator/msg/detail/target_pose__rosidl_typesupport_introspection_cpp.hpp
-- Symlinking: /home/pruizayastuy/turtle_nav_ws/install/turtle_navigator/include/turtle_navigator/turtle_navigator/srv/detail/add_waypoint__rosidl_typesupport_introspection_cpp.hpp
-- Symlinking: /home/pruizayastuy/turtle_nav_ws/install/turtle_navigator/include/turtle_navigator/turtle_navigator/srv/detail/clear_waypoints__rosidl_typesupport_introspection_cpp.hpp
-- Symlinking: /home/pruizayastuy/turtle_nav_ws/install/turtle_navigator/include/turtle_navigator/turtle_navigator/srv/detail/set_control_params__rosidl_typesupport_introspection_cpp.hpp
-- Symlinking: /home/pruizayastuy/turtle_nav_ws/install/turtle_navigator/share/turtle_navigator/environment/pythonpath.sh
-- Symlinking: /home/pruizayastuy/turtle_nav_ws/install/turtle_navigator/share/turtle_navigator/environment/pythonpath.dsv
-- Symlinking: /home/pruizayastuy/turtle_nav_ws/install/turtle_navigator/local/lib/python3.10/dist-packages/turtle_navigator-0.0.0-py3.10.egg-info/PKG-INFO
-- Symlinking: /home/pruizayastuy/turtle_nav_ws/install/turtle_navigator/local/lib/python3.10/dist-packages/turtle_navigator-0.0.0-py3.10.egg-info/SOURCES.txt
-- Symlinking: /home/pruizayastuy/turtle_nav_ws/install/turtle_navigator/local/lib/python3.10/dist-packages/turtle_navigator-0.0.0-py3.10.egg-info/dependency_links.txt
-- Symlinking: /home/pruizayastuy/turtle_nav_ws/install/turtle_navigator/local/lib/python3.10/dist-packages/turtle_navigator-0.0.0-py3.10.egg-info/top_level.txt
-- Symlinking: /home/pruizayastuy/turtle_nav_ws/install/turtle_navigator/local/lib/python3.10/dist-packages/turtle_navigator/__init__.py
-- Symlinking: /home/pruizayastuy/turtle_nav_ws/install/turtle_navigator/local/lib/python3.10/dist-packages/turtle_navigator/_turtle_navigator_s.ep.rosidl_typesupport_c.c
-- Symlinking: /home/pruizayastuy/turtle_nav_ws/install/turtle_navigator/local/lib/python3.10/dist-packages/turtle_navigator/_turtle_navigator_s.ep.rosidl_typesupport_fastrtps_c.c
-- Symlinking: /home/pruizayastuy/turtle_nav_ws/install/turtle_navigator/local/lib/python3.10/dist-packages/turtle_navigator/_turtle_navigator_s.ep.rosidl_typesupport_introspection_c.c
-- Symlinking: /home/pruizayastuy/turtle_nav_ws/install/turtle_navigator/local/lib/python3.10/dist-packages/turtle_navigator/libturtle_navigator__rosidl_generator_py.so
-- Symlinking: /home/pruizayastuy/turtle_nav_ws/install/turtle_navigator/local/lib/python3.10/dist-packages/turtle_navigator/msg/__init__.py
-- Symlinking: /home/pruizayastuy/turtle_nav_ws/install/turtle_navigator/local/lib/python3.10/dist-packages/turtle_navigator/msg/_robot_state.py
-- Symlinking: /home/pruizayastuy/turtle_nav_ws/install/turtle_navigator/local/lib/python3.10/dist-packages/turtle_navigator/msg/_robot_state_s.c
-- Symlinking: /home/pruizayastuy/turtle_nav_ws/install/turtle_navigator/local/lib/python3.10/dist-packages/turtle_navigator/msg/_target_pose.py
-- Symlinking: /home/pruizayastuy/turtle_nav_ws/install/turtle_navigator/local/lib/python3.10/dist-packages/turtle_navigator/msg/_target_pose_s.c
-- Symlinking: /home/pruizayastuy/turtle_nav_ws/install/turtle_navigator/local/lib/python3.10/dist-packages/turtle_navigator/srv/__init__.py
-- Symlinking: /home/pruizayastuy/turtle_nav_ws/install/turtle_navigator/local/lib/python3.10/dist-packages/turtle_navigator/srv/_add_waypoint.py
-- Symlinking: /home/pruizayastuy/turtle_nav_ws/install/turtle_navigator/local/lib/python3.10/dist-packages/turtle_navigator/srv/_add_waypoint_s.c
-- Symlinking: /home/pruizayastuy/turtle_nav_ws/install/turtle_navigator/local/lib/python3.10/dist-packages/turtle_navigator/srv/_clear_waypoints.py
-- Symlinking: /home/pruizayastuy/turtle_nav_ws/install/turtle_navigator/local/lib/python3.10/dist-packages/turtle_navigator/srv/_clear_waypoints_s.c
-- Symlinking: /home/pruizayastuy/turtle_nav_ws/install/turtle_navigator/local/lib/python3.10/dist-packages/turtle_navigator/srv/_set_control_params.py
-- Symlinking: /home/pruizayastuy/turtle_nav_ws/install/turtle_navigator/local/lib/python3.10/dist-packages/turtle_navigator/srv/_set_control_params_s.c
-- Symlinking: /home/pruizayastuy/turtle_nav_ws/install/turtle_navigator/local/lib/python3.10/dist-packages/turtle_navigator/turtle_navigator_s__rosidl_typesupport_c.cpython-310-x86_64-linux-gnu.so
-- Symlinking: /home/pruizayastuy/turtle_nav_ws/install/turtle_navigator/local/lib/python3.10/dist-packages/turtle_navigator/turtle_navigator_s__rosidl_typesupport_fastrtps_c.cpython-310-x86_64-linux-gnu.so
-- Symlinking: /home/pruizayastuy/turtle_nav_ws/install/turtle_navigator/local/lib/python3.10/dist-packages/turtle_navigator/turtle_navigator_s__rosidl_typesupport_introspection_c.cpython-310-x86_64-linux-gnu.so
-- Up-to-date symlink: /home/pruizayastuy/turtle_nav_ws/install/turtle_navigator/local/lib/python3.10/dist-packages/turtle_navigator/turtle_navigator_s__rosidl_typesupport_fastrtps_c.cpython-310-x86_64-linux-gnu.so
-- Up-to-date symlink: /home/pruizayastuy/turtle_nav_ws/install/turtle_navigator/local/lib/python3.10/dist-packages/turtle_navigator/turtle_navigator_s__rosidl_typesupport_introspection_c.cpython-310-x86_64-linux-gnu.so
-- Up-to-date symlink: /home/pruizayastuy/turtle_nav_ws/install/turtle_navigator/local/lib/python3.10/dist-packages/turtle_navigator/turtle_navigator_s__rosidl_typesupport_c.cpython-310-x86_64-linux-gnu.so
-- Symlinking: /home/pruizayastuy/turtle_nav_ws/install/turtle_navigator/share/turtle_navigator/msg/TargetPose.idl
-- Symlinking: /home/pruizayastuy/turtle_nav_ws/install/turtle_navigator/share/turtle_navigator/msg/RobotState.idl
-- Symlinking: /home/pruizayastuy/turtle_nav_ws/install/turtle_navigator/share/turtle_navigator/srv/AddWaypoint.idl
-- Symlinking: /home/pruizayastuy/turtle_nav_ws/install/turtle_navigator/share/turtle_navigator/srv/ClearWaypoints.idl
-- Symlinking: /home/pruizayastuy/turtle_nav_ws/install/turtle_navigator/share/turtle_navigator/srv/SetControlParams.idl
-- Symlinking: /home/pruizayastuy/turtle_nav_ws/install/turtle_navigator/share/turtle_navigator/msg/TargetPose.msg
-- Symlinking: /home/pruizayastuy/turtle_nav_ws/install/turtle_navigator/share/turtle_navigator/msg/RobotState.msg
-- Symlinking: /home/pruizayastuy/turtle_nav_ws/install/turtle_navigator/share/turtle_navigator/srv/AddWaypoint.srv
-- Symlinking: /home/pruizayastuy/turtle_nav_ws/install/turtle_navigator/share/turtle_navigator/srv/AddWaypoint_Request.msg
-- Symlinking: /home/pruizayastuy/turtle_nav_ws/install/turtle_navigator/share/turtle_navigator/srv/AddWaypoint_Response.msg
-- Symlinking: /home/pruizayastuy/turtle_nav_ws/install/turtle_navigator/share/turtle_navigator/srv/ClearWaypoints.srv
-- Symlinking: /home/pruizayastuy/turtle_nav_ws/install/turtle_navigator/share/turtle_navigator/srv/ClearWaypoints_Request.msg
-- Symlinking: /home/pruizayastuy/turtle_nav_ws/install/turtle_navigator/share/turtle_navigator/srv/ClearWaypoints_Response.msg
-- Symlinking: /home/pruizayastuy/turtle_nav_ws/install/turtle_navigator/share/turtle_navigator/srv/SetControlParams.srv
-- Symlinking: /home/pruizayastuy/turtle_nav_ws/install/turtle_navigator/share/turtle_navigator/srv/SetControlParams_Request.msg
-- Symlinking: /home/pruizayastuy/turtle_nav_ws/install/turtle_navigator/share/turtle_navigator/srv/SetControlParams_Response.msg
-- Up-to-date symlink: /home/pruizayastuy/turtle_nav_ws/install/turtle_navigator/share/turtle_navigator/msg/RobotState.msg
-- Up-to-date symlink: /home/pruizayastuy/turtle_nav_ws/install/turtle_navigator/share/turtle_navigator/msg/TargetPose.msg
-- Up-to-date symlink: /home/pruizayastuy/turtle_nav_ws/install/turtle_navigator/share/turtle_navigator/srv/AddWaypoint.srv
-- Up-to-date symlink: /home/pruizayastuy/turtle_nav_ws/install/turtle_navigator/share/turtle_navigator/srv/ClearWaypoints.srv
-- Up-to-date symlink: /home/pruizayastuy/turtle_nav_ws/install/turtle_navigator/share/turtle_navigator/srv/SetControlParams.srv
-- Symlinking: /home/pruizayastuy/turtle_nav_ws/install/turtle_navigator/share/ament_index/resource_index/package_run_dependencies/turtle_navigator
-- Symlinking: /home/pruizayastuy/turtle_nav_ws/install/turtle_navigator/share/ament_index/resource_index/parent_prefix_path/turtle_navigator
-- Symlinking: /home/pruizayastuy/turtle_nav_ws/install/turtle_navigator/share/turtle_navigator/environment/ament_prefix_path.sh
-- Symlinking: /home/pruizayastuy/turtle_nav_ws/install/turtle_navigator/share/turtle_navigator/environment/ament_prefix_path.dsv
-- Symlinking: /home/pruizayastuy/turtle_nav_ws/install/turtle_navigator/share/turtle_navigator/environment/path.sh
-- Symlinking: /home/pruizayastuy/turtle_nav_ws/install/turtle_navigator/share/turtle_navigator/environment/path.dsv
-- Symlinking: /home/pruizayastuy/turtle_nav_ws/install/turtle_navigator/share/turtle_navigator/local_setup.bash
-- Symlinking: /home/pruizayastuy/turtle_nav_ws/install/turtle_navigator/share/turtle_navigator/local_setup.sh
-- Symlinking: /home/pruizayastuy/turtle_nav_ws/install/turtle_navigator/share/turtle_navigator/local_setup.zsh
-- Symlinking: /home/pruizayastuy/turtle_nav_ws/install/turtle_navigator/share/turtle_navigator/local_setup.dsv
-- Symlinking: /home/pruizayastuy/turtle_nav_ws/install/turtle_navigator/share/turtle_navigator/package.dsv
-- Symlinking: /home/pruizayastuy/turtle_nav_ws/install/turtle_navigator/share/ament_index/resource_index/packages/turtle_navigator
-- Symlinking: /home/pruizayastuy/turtle_nav_ws/install/turtle_navigator/share/turtle_navigator/cmake/rosidl_cmake-extras.cmake
-- Symlinking: /home/pruizayastuy/turtle_nav_ws/install/turtle_navigator/share/turtle_navigator/cmake/ament_cmake_export_dependencies-extras.cmake
-- Symlinking: /home/pruizayastuy/turtle_nav_ws/install/turtle_navigator/share/turtle_navigator/cmake/ament_cmake_export_include_directories-extras.cmake
-- Symlinking: /home/pruizayastuy/turtle_nav_ws/install/turtle_navigator/share/turtle_navigator/cmake/ament_cmake_export_libraries-extras.cmake
-- Symlinking: /home/pruizayastuy/turtle_nav_ws/install/turtle_navigator/share/turtle_navigator/cmake/ament_cmake_export_targets-extras.cmake
-- Symlinking: /home/pruizayastuy/turtle_nav_ws/install/turtle_navigator/share/turtle_navigator/cmake/rosidl_cmake_export_typesupport_targets-extras.cmake
-- Symlinking: /home/pruizayastuy/turtle_nav_ws/install/turtle_navigator/share/turtle_navigator/cmake/rosidl_cmake_export_typesupport_libraries-extras.cmake
-- Symlinking: /home/pruizayastuy/turtle_nav_ws/install/turtle_navigator/share/turtle_navigator/cmake/turtle_navigatorConfig.cmake
-- Symlinking: /home/pruizayastuy/turtle_nav_ws/install/turtle_navigator/share/turtle_navigator/cmake/turtle_navigatorConfig-version.cmake
-- Symlinking: /home/pruizayastuy/turtle_nav_ws/install/turtle_navigator/share/turtle_navigator/package.xml
-- Installing: /home/pruizayastuy/turtle_nav_ws/install/turtle_navigator/lib/libturtle_navigator__rosidl_generator_c.so
-- Set runtime path of "/home/pruizayastuy/turtle_nav_ws/install/turtle_navigator/lib/libturtle_navigator__rosidl_generator_c.so" to ""
-- Installing: /home/pruizayastuy/turtle_nav_ws/install/turtle_navigator/lib/libturtle_navigator__rosidl_typesupport_fastrtps_c.so
-- Set runtime path of "/home/pruizayastuy/turtle_nav_ws/install/turtle_navigator/lib/libturtle_navigator__rosidl_typesupport_fastrtps_c.so" to ""
-- Installing: /home/pruizayastuy/turtle_nav_ws/install/turtle_navigator/lib/libturtle_navigator__rosidl_typesupport_fastrtps_cpp.so
-- Set runtime path of "/home/pruizayastuy/turtle_nav_ws/install/turtle_navigator/lib/libturtle_navigator__rosidl_typesupport_fastrtps_cpp.so" to ""
-- Installing: /home/pruizayastuy/turtle_nav_ws/install/turtle_navigator/lib/libturtle_navigator__rosidl_typesupport_introspection_c.so
-- Set runtime path of "/home/pruizayastuy/turtle_nav_ws/install/turtle_navigator/lib/libturtle_navigator__rosidl_typesupport_introspection_c.so" to ""
-- Installing: /home/pruizayastuy/turtle_nav_ws/install/turtle_navigator/lib/libturtle_navigator__rosidl_typesupport_c.so
-- Set runtime path of "/home/pruizayastuy/turtle_nav_ws/install/turtle_navigator/lib/libturtle_navigator__rosidl_typesupport_c.so" to ""
-- Installing: /home/pruizayastuy/turtle_nav_ws/install/turtle_navigator/lib/libturtle_navigator__rosidl_typesupport_introspection_cpp.so
-- Set runtime path of "/home/pruizayastuy/turtle_nav_ws/install/turtle_navigator/lib/libturtle_navigator__rosidl_typesupport_introspection_cpp.so" to ""
-- Installing: /home/pruizayastuy/turtle_nav_ws/install/turtle_navigator/lib/libturtle_navigator__rosidl_typesupport_cpp.so
-- Set runtime path of "/home/pruizayastuy/turtle_nav_ws/install/turtle_navigator/lib/libturtle_navigator__rosidl_typesupport_cpp.so" to ""
Listing '/home/pruizayastuy/turtle_nav_ws/install/turtle_navigator/local/lib/python3.10/dist-packages/turtle_navigator'...
Compiling '/home/pruizayastuy/turtle_nav_ws/install/turtle_navigator/local/lib/python3.10/dist-packages/turtle_navigator/__init__.py'...
Listing '/home/pruizayastuy/turtle_nav_ws/install/turtle_navigator/local/lib/python3.10/dist-packages/turtle_navigator/msg'...
Compiling '/home/pruizayastuy/turtle_nav_ws/install/turtle_navigator/local/lib/python3.10/dist-packages/turtle_navigator/msg/__init__.py'...
Compiling '/home/pruizayastuy/turtle_nav_ws/install/turtle_navigator/local/lib/python3.10/dist-packages/turtle_navigator/msg/_robot_state.py'...
Compiling '/home/pruizayastuy/turtle_nav_ws/install/turtle_navigator/local/lib/python3.10/dist-packages/turtle_navigator/msg/_target_pose.py'...
Listing '/home/pruizayastuy/turtle_nav_ws/install/turtle_navigator/local/lib/python3.10/dist-packages/turtle_navigator/srv'...
Compiling '/home/pruizayastuy/turtle_nav_ws/install/turtle_navigator/local/lib/python3.10/dist-packages/turtle_navigator/srv/__init__.py'...
Compiling '/home/pruizayastuy/turtle_nav_ws/install/turtle_navigator/local/lib/python3.10/dist-packages/turtle_navigator/srv/_add_waypoint.py'...
Compiling '/home/pruizayastuy/turtle_nav_ws/install/turtle_navigator/local/lib/python3.10/dist-packages/turtle_navigator/srv/_clear_waypoints.py'...
Compiling '/home/pruizayastuy/turtle_nav_ws/install/turtle_navigator/local/lib/python3.10/dist-packages/turtle_navigator/srv/_set_control_params.py'...
-- Installing: /home/pruizayastuy/turtle_nav_ws/install/turtle_navigator/lib/libturtle_navigator__rosidl_generator_py.so
-- Set runtime path of "/home/pruizayastuy/turtle_nav_ws/install/turtle_navigator/lib/libturtle_navigator__rosidl_generator_py.so" to ""
-- Installing: /home/pruizayastuy/turtle_nav_ws/install/turtle_navigator/lib/turtle_navigator/navigator_controller
-- Installing: /home/pruizayastuy/turtle_nav_ws/install/turtle_navigator/lib/turtle_navigator/waypoint_commander
-- Installing: /home/pruizayastuy/turtle_nav_ws/install/turtle_navigator/share/turtle_navigator/cmake/export_turtle_navigator__rosidl_generator_cExport.cmake
-- Installing: /home/pruizayastuy/turtle_nav_ws/install/turtle_navigator/share/turtle_navigator/cmake/export_turtle_navigator__rosidl_generator_cExport-noconfig.cmake
-- Installing: /home/pruizayastuy/turtle_nav_ws/install/turtle_navigator/share/turtle_navigator/cmake/export_turtle_navigator__rosidl_typesupport_fastrtps_cExport.cmake
-- Installing: /home/pruizayastuy/turtle_nav_ws/install/turtle_navigator/share/turtle_navigator/cmake/export_turtle_navigator__rosidl_typesupport_fastrtps_cExport-noconfig.cmake
-- Installing: /home/pruizayastuy/turtle_nav_ws/install/turtle_navigator/share/turtle_navigator/cmake/export_turtle_navigator__rosidl_generator_cppExport.cmake
-- Installing: /home/pruizayastuy/turtle_nav_ws/install/turtle_navigator/share/turtle_navigator/cmake/export_turtle_navigator__rosidl_typesupport_fastrtps_cppExport.cmake
-- Installing: /home/pruizayastuy/turtle_nav_ws/install/turtle_navigator/share/turtle_navigator/cmake/export_turtle_navigator__rosidl_typesupport_fastrtps_cppExport-noconfig.cmake
-- Installing: /home/pruizayastuy/turtle_nav_ws/install/turtle_navigator/share/turtle_navigator/cmake/turtle_navigator__rosidl_typesupport_introspection_cExport.cmake
-- Installing: /home/pruizayastuy/turtle_nav_ws/install/turtle_navigator/share/turtle_navigator/cmake/turtle_navigator__rosidl_typesupport_introspection_cExport-noconfig.cmake
-- Installing: /home/pruizayastuy/turtle_nav_ws/install/turtle_navigator/share/turtle_navigator/cmake/turtle_navigator__rosidl_typesupport_cExport.cmake
-- Installing: /home/pruizayastuy/turtle_nav_ws/install/turtle_navigator/share/turtle_navigator/cmake/turtle_navigator__rosidl_typesupport_cExport-noconfig.cmake
-- Installing: /home/pruizayastuy/turtle_nav_ws/install/turtle_navigator/share/turtle_navigator/cmake/turtle_navigator__rosidl_typesupport_introspection_cppExport.cmake
-- Installing: /home/pruizayastuy/turtle_nav_ws/install/turtle_navigator/share/turtle_navigator/cmake/turtle_navigator__rosidl_typesupport_introspection_cppExport-noconfig.cmake
-- Installing: /home/pruizayastuy/turtle_nav_ws/install/turtle_navigator/share/turtle_navigator/cmake/turtle_navigator__rosidl_typesupport_cppExport.cmake
-- Installing: /home/pruizayastuy/turtle_nav_ws/install/turtle_navigator/share/turtle_navigator/cmake/turtle_navigator__rosidl_typesupport_cppExport-noconfig.cmake
-- Installing: /home/pruizayastuy/turtle_nav_ws/install/turtle_navigator/share/turtle_navigator/cmake/export_turtle_navigator__rosidl_generator_pyExport.cmake
-- Installing: /home/pruizayastuy/turtle_nav_ws/install/turtle_navigator/share/turtle_navigator/cmake/export_turtle_navigator__rosidl_generator_pyExport-noconfig.cmake
