[0.055s] Invoking command in '/home/pruizayastuy/turtle_nav_ws/build/turtle_navigator': CMAKE_PREFIX_PATH=${CMAKE_PREFIX_PATH}:/opt/ros/humble /usr/bin/cmake /home/pruizayastuy/turtle_nav_ws/src/turtle_navigator -DAMENT_CMAKE_SYMLINK_INSTALL=1 -DCMAKE_INSTALL_PREFIX=/home/pruizayastuy/turtle_nav_ws/install/turtle_navigator
[0.206s] -- The C compiler identification is GNU 11.4.0
[0.344s] -- The CXX compiler identification is GNU 11.4.0
[0.363s] -- Detecting C compiler ABI info
[0.579s] -- Detecting C compiler ABI info - done
[0.589s] -- Check for working C compiler: /usr/bin/cc - skipped
[0.591s] -- Detecting C compile features
[0.593s] -- Detecting C compile features - done
[0.602s] -- Detecting CXX compiler ABI info
[0.787s] -- Detecting CXX compiler ABI info - done
[0.787s] -- Check for working CXX compiler: /usr/bin/c++ - skipped
[0.787s] -- Detecting CXX compile features
[0.787s] -- Detecting CXX compile features - done
[0.805s] -- Found ament_cmake: 1.3.11 (/opt/ros/humble/share/ament_cmake/cmake)
[1.045s] -- Found Python3: /usr/bin/python3 (found version "3.10.12") found components: Interpreter 
[1.142s] -- Override CMake install command with custom implementation using symlinks instead of copying resources
[1.177s] -- Found rclpy: 3.3.16 (/opt/ros/humble/share/rclpy/cmake)
[1.186s] -- Found std_msgs: 4.8.0 (/opt/ros/humble/share/std_msgs/cmake)
[1.243s] -- Found rosidl_generator_c: 3.1.6 (/opt/ros/humble/share/rosidl_generator_c/cmake)
[1.250s] -- Found rosidl_adapter: 3.1.6 (/opt/ros/humble/share/rosidl_adapter/cmake)
[1.264s] -- Found rosidl_generator_cpp: 3.1.6 (/opt/ros/humble/share/rosidl_generator_cpp/cmake)
[1.285s] -- Using all available rosidl_typesupport_c: rosidl_typesupport_fastrtps_c;rosidl_typesupport_introspection_c
[1.313s] -- Using all available rosidl_typesupport_cpp: rosidl_typesupport_fastrtps_cpp;rosidl_typesupport_introspection_cpp
[1.355s] -- Found geometry_msgs: 4.8.0 (/opt/ros/humble/share/geometry_msgs/cmake)
[1.374s] -- Found turtlesim: 1.4.2 (/opt/ros/humble/share/turtlesim/cmake)
[1.430s] -- Found rosidl_default_generators: 1.2.0 (/opt/ros/humble/share/rosidl_default_generators/cmake)
[1.940s] -- Found ament_cmake_ros: 0.10.0 (/opt/ros/humble/share/ament_cmake_ros/cmake)
[2.520s] -- Using all available rosidl_typesupport_c: rosidl_typesupport_fastrtps_c;rosidl_typesupport_introspection_c
[2.794s] -- Using all available rosidl_typesupport_cpp: rosidl_typesupport_fastrtps_cpp;rosidl_typesupport_introspection_cpp
[2.832s] -- Found PythonInterp: /usr/bin/python3 (found suitable version "3.10.12", minimum required is "3.6") 
[2.835s] -- Found python_cmake_module: 0.10.0 (/opt/ros/humble/share/python_cmake_module/cmake)
[2.872s] -- Found PythonLibs: /usr/lib/x86_64-linux-gnu/libpython3.10.so (found suitable version "3.10.12", minimum required is "3.5") 
[2.874s] -- Using PYTHON_EXECUTABLE: /usr/bin/python3
[2.874s] -- Using PYTHON_INCLUDE_DIRS: /usr/include/python3.10
[2.874s] -- Using PYTHON_LIBRARIES: /usr/lib/x86_64-linux-gnu/libpython3.10.so
[2.917s] -- Found PythonExtra: .so  
[3.029s] -- Configuring done
[3.109s] -- Generating done
[3.133s] -- Build files have been written to: /home/pruizayastuy/turtle_nav_ws/build/turtle_navigator
[3.148s] Invoked command in '/home/pruizayastuy/turtle_nav_ws/build/turtle_navigator' returned '0': CMAKE_PREFIX_PATH=${CMAKE_PREFIX_PATH}:/opt/ros/humble /usr/bin/cmake /home/pruizayastuy/turtle_nav_ws/src/turtle_navigator -DAMENT_CMAKE_SYMLINK_INSTALL=1 -DCMAKE_INSTALL_PREFIX=/home/pruizayastuy/turtle_nav_ws/install/turtle_navigator
[3.155s] Invoking command in '/home/pruizayastuy/turtle_nav_ws/build/turtle_navigator': CMAKE_PREFIX_PATH=${CMAKE_PREFIX_PATH}:/opt/ros/humble /usr/bin/cmake --build /home/pruizayastuy/turtle_nav_ws/build/turtle_navigator -- -j2 -l2
[3.244s] [  1%] [34m[1mGenerating C code for ROS interfaces[0m
[3.292s] [  3%] [34m[1mGenerating C++ code for ROS interfaces[0m
[5.215s] [  3%] Built target turtle_navigator__cpp
[5.309s] [  3%] Built target ament_cmake_python_symlink_turtle_navigator
[5.355s] [  4%] [34m[1mGenerating C++ type support dispatch for ROS interfaces[0m
[5.609s] [  6%] [32mBuilding C object CMakeFiles/turtle_navigator__rosidl_generator_c.dir/rosidl_generator_c/turtle_navigator/msg/detail/target_pose__functions.c.o[0m
[5.625s] [  7%] [32mBuilding C object CMakeFiles/turtle_navigator__rosidl_generator_c.dir/rosidl_generator_c/turtle_navigator/msg/detail/robot_state__functions.c.o[0m
[5.736s] [  9%] [32mBuilding C object CMakeFiles/turtle_navigator__rosidl_generator_c.dir/rosidl_generator_c/turtle_navigator/srv/detail/add_waypoint__functions.c.o[0m
[5.839s] [ 11%] [32mBuilding C object CMakeFiles/turtle_navigator__rosidl_generator_c.dir/rosidl_generator_c/turtle_navigator/srv/detail/clear_waypoints__functions.c.o[0m
[5.967s] [ 12%] [32mBuilding C object CMakeFiles/turtle_navigator__rosidl_generator_c.dir/rosidl_generator_c/turtle_navigator/srv/detail/set_control_params__functions.c.o[0m
[6.085s] [ 14%] [32mBuilding CXX object CMakeFiles/turtle_navigator__rosidl_typesupport_cpp.dir/rosidl_typesupport_cpp/turtle_navigator/msg/target_pose__type_support.cpp.o[0m
[6.100s] [ 15%] [32m[1mLinking C shared library libturtle_navigator__rosidl_generator_c.so[0m
[6.209s] [ 15%] Built target turtle_navigator__rosidl_generator_c
[6.250s] [ 17%] [32mBuilding CXX object CMakeFiles/turtle_navigator__rosidl_typesupport_cpp.dir/rosidl_typesupport_cpp/turtle_navigator/msg/robot_state__type_support.cpp.o[0m
[6.662s] [ 19%] [34m[1mGenerating C++ type support for eProsima Fast-RTPS[0m
[6.886s] [ 20%] [32mBuilding CXX object CMakeFiles/turtle_navigator__rosidl_typesupport_cpp.dir/rosidl_typesupport_cpp/turtle_navigator/srv/add_waypoint__type_support.cpp.o[0m
[7.225s] [ 22%] [32mBuilding CXX object CMakeFiles/turtle_navigator__rosidl_typesupport_cpp.dir/rosidl_typesupport_cpp/turtle_navigator/srv/clear_waypoints__type_support.cpp.o[0m
[7.741s] [ 23%] [32mBuilding CXX object CMakeFiles/turtle_navigator__rosidl_typesupport_fastrtps_cpp.dir/rosidl_typesupport_fastrtps_cpp/turtle_navigator/msg/detail/dds_fastrtps/target_pose__type_support.cpp.o[0m
[7.764s] [ 25%] [32mBuilding CXX object CMakeFiles/turtle_navigator__rosidl_typesupport_cpp.dir/rosidl_typesupport_cpp/turtle_navigator/srv/set_control_params__type_support.cpp.o[0m
[8.175s] [ 26%] [32m[1mLinking CXX shared library libturtle_navigator__rosidl_typesupport_cpp.so[0m
[8.309s] [ 26%] Built target turtle_navigator__rosidl_typesupport_cpp
[8.376s] [ 28%] [34m[1mGenerating C introspection for ROS interfaces[0m
[8.516s] [ 30%] [32mBuilding CXX object CMakeFiles/turtle_navigator__rosidl_typesupport_fastrtps_cpp.dir/rosidl_typesupport_fastrtps_cpp/turtle_navigator/msg/detail/dds_fastrtps/robot_state__type_support.cpp.o[0m
[9.423s] [ 31%] [32mBuilding CXX object CMakeFiles/turtle_navigator__rosidl_typesupport_fastrtps_cpp.dir/rosidl_typesupport_fastrtps_cpp/turtle_navigator/srv/detail/dds_fastrtps/add_waypoint__type_support.cpp.o[0m
[9.605s] [ 33%] [32mBuilding C object CMakeFiles/turtle_navigator__rosidl_typesupport_introspection_c.dir/rosidl_typesupport_introspection_c/turtle_navigator/msg/detail/target_pose__type_support.c.o[0m
[9.651s] [ 34%] [32mBuilding C object CMakeFiles/turtle_navigator__rosidl_typesupport_introspection_c.dir/rosidl_typesupport_introspection_c/turtle_navigator/msg/detail/robot_state__type_support.c.o[0m
[9.765s] [ 36%] [32mBuilding C object CMakeFiles/turtle_navigator__rosidl_typesupport_introspection_c.dir/rosidl_typesupport_introspection_c/turtle_navigator/srv/detail/add_waypoint__type_support.c.o[0m
[9.882s] [ 38%] [32mBuilding C object CMakeFiles/turtle_navigator__rosidl_typesupport_introspection_c.dir/rosidl_typesupport_introspection_c/turtle_navigator/srv/detail/clear_waypoints__type_support.c.o[0m
[9.987s] [ 39%] [32mBuilding C object CMakeFiles/turtle_navigator__rosidl_typesupport_introspection_c.dir/rosidl_typesupport_introspection_c/turtle_navigator/srv/detail/set_control_params__type_support.c.o[0m
[10.083s] [ 41%] [32m[1mLinking C shared library libturtle_navigator__rosidl_typesupport_introspection_c.so[0m
[10.244s] [ 41%] Built target turtle_navigator__rosidl_typesupport_introspection_c
[10.302s] [ 42%] [34m[1mGenerating C type support dispatch for ROS interfaces[0m
[10.483s] [ 44%] [32mBuilding CXX object CMakeFiles/turtle_navigator__rosidl_typesupport_fastrtps_cpp.dir/rosidl_typesupport_fastrtps_cpp/turtle_navigator/srv/detail/dds_fastrtps/clear_waypoints__type_support.cpp.o[0m
[11.324s] [ 46%] [32mBuilding CXX object CMakeFiles/turtle_navigator__rosidl_typesupport_c.dir/rosidl_typesupport_c/turtle_navigator/msg/target_pose__type_support.cpp.o[0m
[11.331s] [ 47%] [32mBuilding CXX object CMakeFiles/turtle_navigator__rosidl_typesupport_fastrtps_cpp.dir/rosidl_typesupport_fastrtps_cpp/turtle_navigator/srv/detail/dds_fastrtps/set_control_params__type_support.cpp.o[0m
[11.425s] [ 49%] [32mBuilding CXX object CMakeFiles/turtle_navigator__rosidl_typesupport_c.dir/rosidl_typesupport_c/turtle_navigator/msg/robot_state__type_support.cpp.o[0m
[11.538s] [ 50%] [32mBuilding CXX object CMakeFiles/turtle_navigator__rosidl_typesupport_c.dir/rosidl_typesupport_c/turtle_navigator/srv/add_waypoint__type_support.cpp.o[0m
[11.652s] [ 52%] [32mBuilding CXX object CMakeFiles/turtle_navigator__rosidl_typesupport_c.dir/rosidl_typesupport_c/turtle_navigator/srv/clear_waypoints__type_support.cpp.o[0m
[11.980s] [ 53%] [32mBuilding CXX object CMakeFiles/turtle_navigator__rosidl_typesupport_c.dir/rosidl_typesupport_c/turtle_navigator/srv/set_control_params__type_support.cpp.o[0m
[12.116s] [ 55%] [32m[1mLinking CXX shared library libturtle_navigator__rosidl_typesupport_c.so[0m
[12.253s] [ 55%] Built target turtle_navigator__rosidl_typesupport_c
[12.292s] [ 57%] [34m[1mGenerating C++ introspection for ROS interfaces[0m
[12.413s] [ 58%] [32m[1mLinking CXX shared library libturtle_navigator__rosidl_typesupport_fastrtps_cpp.so[0m
[12.661s] [ 58%] Built target turtle_navigator__rosidl_typesupport_fastrtps_cpp
[13.265s] running egg_info
[13.266s] creating turtle_navigator.egg-info
[13.266s] writing turtle_navigator.egg-info/PKG-INFO
[13.266s] writing dependency_links to turtle_navigator.egg-info/dependency_links.txt
[13.269s] writing top-level names to turtle_navigator.egg-info/top_level.txt
[13.270s] writing manifest file 'turtle_navigator.egg-info/SOURCES.txt'
[13.270s] reading manifest file 'turtle_navigator.egg-info/SOURCES.txt'
[13.270s] writing manifest file 'turtle_navigator.egg-info/SOURCES.txt'
[13.314s] [ 58%] Built target ament_cmake_python_build_turtle_navigator_egg
[13.363s] [ 60%] [34m[1mGenerating C type support for eProsima Fast-RTPS[0m
[13.426s] [ 61%] [32mBuilding CXX object CMakeFiles/turtle_navigator__rosidl_typesupport_introspection_cpp.dir/rosidl_typesupport_introspection_cpp/turtle_navigator/msg/detail/target_pose__type_support.cpp.o[0m
[13.904s] [ 63%] [32mBuilding CXX object CMakeFiles/turtle_navigator__rosidl_typesupport_introspection_cpp.dir/rosidl_typesupport_introspection_cpp/turtle_navigator/msg/detail/robot_state__type_support.cpp.o[0m
[14.289s] [ 65%] [32mBuilding CXX object CMakeFiles/turtle_navigator__rosidl_typesupport_fastrtps_c.dir/rosidl_typesupport_fastrtps_c/turtle_navigator/msg/detail/target_pose__type_support_c.cpp.o[0m
[14.551s] [ 66%] [32mBuilding CXX object CMakeFiles/turtle_navigator__rosidl_typesupport_introspection_cpp.dir/rosidl_typesupport_introspection_cpp/turtle_navigator/srv/detail/add_waypoint__type_support.cpp.o[0m
[14.847s] [ 68%] [32mBuilding CXX object CMakeFiles/turtle_navigator__rosidl_typesupport_fastrtps_c.dir/rosidl_typesupport_fastrtps_c/turtle_navigator/msg/detail/robot_state__type_support_c.cpp.o[0m
[15.158s] [ 69%] [32mBuilding CXX object CMakeFiles/turtle_navigator__rosidl_typesupport_introspection_cpp.dir/rosidl_typesupport_introspection_cpp/turtle_navigator/srv/detail/clear_waypoints__type_support.cpp.o[0m
[15.342s] [ 71%] [32mBuilding CXX object CMakeFiles/turtle_navigator__rosidl_typesupport_fastrtps_c.dir/rosidl_typesupport_fastrtps_c/turtle_navigator/srv/detail/add_waypoint__type_support_c.cpp.o[0m
[15.753s] [ 73%] [32mBuilding CXX object CMakeFiles/turtle_navigator__rosidl_typesupport_introspection_cpp.dir/rosidl_typesupport_introspection_cpp/turtle_navigator/srv/detail/set_control_params__type_support.cpp.o[0m
[16.288s] [ 74%] [32mBuilding CXX object CMakeFiles/turtle_navigator__rosidl_typesupport_fastrtps_c.dir/rosidl_typesupport_fastrtps_c/turtle_navigator/srv/detail/clear_waypoints__type_support_c.cpp.o[0m
[16.667s] [ 76%] [32m[1mLinking CXX shared library libturtle_navigator__rosidl_typesupport_introspection_cpp.so[0m
[16.990s] [ 76%] Built target turtle_navigator__rosidl_typesupport_introspection_cpp
[16.993s] [ 77%] [32mBuilding CXX object CMakeFiles/turtle_navigator__rosidl_typesupport_fastrtps_c.dir/rosidl_typesupport_fastrtps_c/turtle_navigator/srv/detail/set_control_params__type_support_c.cpp.o[0m
[17.434s] [ 79%] [32m[1mLinking CXX shared library libturtle_navigator__rosidl_typesupport_fastrtps_c.so[0m
[17.663s] [ 79%] Built target turtle_navigator__rosidl_typesupport_fastrtps_c
[17.720s] [ 79%] Built target turtle_navigator
[17.806s] [ 80%] [34m[1mGenerating Python code for ROS interfaces[0m
[19.158s] [ 80%] Built target turtle_navigator__py
[19.235s] [ 82%] [32mBuilding C object CMakeFiles/turtle_navigator__rosidl_generator_py.dir/rosidl_generator_py/turtle_navigator/msg/_target_pose_s.c.o[0m
[19.295s] [ 84%] [32mBuilding C object CMakeFiles/turtle_navigator__rosidl_generator_py.dir/rosidl_generator_py/turtle_navigator/msg/_robot_state_s.c.o[0m
[19.618s] [ 85%] [32mBuilding C object CMakeFiles/turtle_navigator__rosidl_generator_py.dir/rosidl_generator_py/turtle_navigator/srv/_add_waypoint_s.c.o[0m
[19.664s] [ 87%] [32mBuilding C object CMakeFiles/turtle_navigator__rosidl_generator_py.dir/rosidl_generator_py/turtle_navigator/srv/_clear_waypoints_s.c.o[0m
[19.865s] [ 88%] [32mBuilding C object CMakeFiles/turtle_navigator__rosidl_generator_py.dir/rosidl_generator_py/turtle_navigator/srv/_set_control_params_s.c.o[0m
[20.040s] [ 90%] [32m[1mLinking C shared library rosidl_generator_py/turtle_navigator/libturtle_navigator__rosidl_generator_py.so[0m
[20.113s] [ 90%] Built target turtle_navigator__rosidl_generator_py
[20.165s] [ 92%] [32mBuilding C object CMakeFiles/turtle_navigator__rosidl_typesupport_introspection_c__pyext.dir/rosidl_generator_py/turtle_navigator/_turtle_navigator_s.ep.rosidl_typesupport_introspection_c.c.o[0m
[20.213s] [ 93%] [32mBuilding C object CMakeFiles/turtle_navigator__rosidl_typesupport_fastrtps_c__pyext.dir/rosidl_generator_py/turtle_navigator/_turtle_navigator_s.ep.rosidl_typesupport_fastrtps_c.c.o[0m
[20.370s] [ 95%] [32m[1mLinking C shared library rosidl_generator_py/turtle_navigator/turtle_navigator_s__rosidl_typesupport_introspection_c.cpython-310-x86_64-linux-gnu.so[0m
[20.466s] [ 96%] [32m[1mLinking C shared library rosidl_generator_py/turtle_navigator/turtle_navigator_s__rosidl_typesupport_fastrtps_c.cpython-310-x86_64-linux-gnu.so[0m
[20.494s] [ 96%] Built target turtle_navigator__rosidl_typesupport_introspection_c__pyext
[20.600s] [ 98%] [32mBuilding C object CMakeFiles/turtle_navigator__rosidl_typesupport_c__pyext.dir/rosidl_generator_py/turtle_navigator/_turtle_navigator_s.ep.rosidl_typesupport_c.c.o[0m
[20.613s] [ 98%] Built target turtle_navigator__rosidl_typesupport_fastrtps_c__pyext
[20.837s] [100%] [32m[1mLinking C shared library rosidl_generator_py/turtle_navigator/turtle_navigator_s__rosidl_typesupport_c.cpython-310-x86_64-linux-gnu.so[0m
[20.907s] [100%] Built target turtle_navigator__rosidl_typesupport_c__pyext
[20.953s] Invoked command in '/home/pruizayastuy/turtle_nav_ws/build/turtle_navigator' returned '0': CMAKE_PREFIX_PATH=${CMAKE_PREFIX_PATH}:/opt/ros/humble /usr/bin/cmake --build /home/pruizayastuy/turtle_nav_ws/build/turtle_navigator -- -j2 -l2
[20.988s] Invoking command in '/home/pruizayastuy/turtle_nav_ws/build/turtle_navigator': CMAKE_PREFIX_PATH=${CMAKE_PREFIX_PATH}:/opt/ros/humble /usr/bin/cmake --install /home/pruizayastuy/turtle_nav_ws/build/turtle_navigator
[21.007s] -- Install configuration: ""
[21.009s] -- Execute custom install script
[21.011s] -- Symlinking: /home/pruizayastuy/turtle_nav_ws/install/turtle_navigator/share/ament_index/resource_index/rosidl_interfaces/turtle_navigator
[21.031s] -- Symlinking: /home/pruizayastuy/turtle_nav_ws/install/turtle_navigator/include/turtle_navigator/turtle_navigator/msg/detail/robot_state__functions.h
[21.045s] -- Symlinking: /home/pruizayastuy/turtle_nav_ws/install/turtle_navigator/include/turtle_navigator/turtle_navigator/msg/detail/robot_state__struct.h
[21.070s] -- Symlinking: /home/pruizayastuy/turtle_nav_ws/install/turtle_navigator/include/turtle_navigator/turtle_navigator/msg/detail/robot_state__type_support.h
[21.093s] -- Symlinking: /home/pruizayastuy/turtle_nav_ws/install/turtle_navigator/include/turtle_navigator/turtle_navigator/msg/detail/target_pose__functions.h
[21.110s] -- Symlinking: /home/pruizayastuy/turtle_nav_ws/install/turtle_navigator/include/turtle_navigator/turtle_navigator/msg/detail/target_pose__struct.h
[21.129s] -- Symlinking: /home/pruizayastuy/turtle_nav_ws/install/turtle_navigator/include/turtle_navigator/turtle_navigator/msg/detail/target_pose__type_support.h
[21.148s] -- Symlinking: /home/pruizayastuy/turtle_nav_ws/install/turtle_navigator/include/turtle_navigator/turtle_navigator/msg/robot_state.h
[21.175s] -- Symlinking: /home/pruizayastuy/turtle_nav_ws/install/turtle_navigator/include/turtle_navigator/turtle_navigator/msg/rosidl_generator_c__visibility_control.h
[21.213s] -- Symlinking: /home/pruizayastuy/turtle_nav_ws/install/turtle_navigator/include/turtle_navigator/turtle_navigator/msg/target_pose.h
[21.237s] -- Symlinking: /home/pruizayastuy/turtle_nav_ws/install/turtle_navigator/include/turtle_navigator/turtle_navigator/srv/add_waypoint.h
[21.270s] -- Symlinking: /home/pruizayastuy/turtle_nav_ws/install/turtle_navigator/include/turtle_navigator/turtle_navigator/srv/clear_waypoints.h
[21.312s] -- Symlinking: /home/pruizayastuy/turtle_nav_ws/install/turtle_navigator/include/turtle_navigator/turtle_navigator/srv/detail/add_waypoint__functions.h
[21.343s] -- Symlinking: /home/pruizayastuy/turtle_nav_ws/install/turtle_navigator/include/turtle_navigator/turtle_navigator/srv/detail/add_waypoint__struct.h
[21.364s] -- Symlinking: /home/pruizayastuy/turtle_nav_ws/install/turtle_navigator/include/turtle_navigator/turtle_navigator/srv/detail/add_waypoint__type_support.h
[21.382s] -- Symlinking: /home/pruizayastuy/turtle_nav_ws/install/turtle_navigator/include/turtle_navigator/turtle_navigator/srv/detail/clear_waypoints__functions.h
[21.399s] -- Symlinking: /home/pruizayastuy/turtle_nav_ws/install/turtle_navigator/include/turtle_navigator/turtle_navigator/srv/detail/clear_waypoints__struct.h
[21.416s] -- Symlinking: /home/pruizayastuy/turtle_nav_ws/install/turtle_navigator/include/turtle_navigator/turtle_navigator/srv/detail/clear_waypoints__type_support.h
[21.431s] -- Symlinking: /home/pruizayastuy/turtle_nav_ws/install/turtle_navigator/include/turtle_navigator/turtle_navigator/srv/detail/set_control_params__functions.h
[21.453s] -- Symlinking: /home/pruizayastuy/turtle_nav_ws/install/turtle_navigator/include/turtle_navigator/turtle_navigator/srv/detail/set_control_params__struct.h
[21.468s] -- Symlinking: /home/pruizayastuy/turtle_nav_ws/install/turtle_navigator/include/turtle_navigator/turtle_navigator/srv/detail/set_control_params__type_support.h
[21.487s] -- Symlinking: /home/pruizayastuy/turtle_nav_ws/install/turtle_navigator/include/turtle_navigator/turtle_navigator/srv/set_control_params.h
[21.505s] -- Symlinking: /home/pruizayastuy/turtle_nav_ws/install/turtle_navigator/share/turtle_navigator/environment/library_path.sh
[21.526s] -- Symlinking: /home/pruizayastuy/turtle_nav_ws/install/turtle_navigator/share/turtle_navigator/environment/library_path.dsv
[21.549s] -- Symlinking: /home/pruizayastuy/turtle_nav_ws/install/turtle_navigator/include/turtle_navigator/turtle_navigator/msg/detail/robot_state__rosidl_typesupport_fastrtps_c.h
[21.574s] -- Symlinking: /home/pruizayastuy/turtle_nav_ws/install/turtle_navigator/include/turtle_navigator/turtle_navigator/msg/detail/target_pose__rosidl_typesupport_fastrtps_c.h
[21.592s] -- Symlinking: /home/pruizayastuy/turtle_nav_ws/install/turtle_navigator/include/turtle_navigator/turtle_navigator/msg/rosidl_typesupport_fastrtps_c__visibility_control.h
[21.616s] -- Symlinking: /home/pruizayastuy/turtle_nav_ws/install/turtle_navigator/include/turtle_navigator/turtle_navigator/srv/detail/add_waypoint__rosidl_typesupport_fastrtps_c.h
[21.633s] -- Symlinking: /home/pruizayastuy/turtle_nav_ws/install/turtle_navigator/include/turtle_navigator/turtle_navigator/srv/detail/clear_waypoints__rosidl_typesupport_fastrtps_c.h
[21.654s] -- Symlinking: /home/pruizayastuy/turtle_nav_ws/install/turtle_navigator/include/turtle_navigator/turtle_navigator/srv/detail/set_control_params__rosidl_typesupport_fastrtps_c.h
[21.669s] -- Symlinking: /home/pruizayastuy/turtle_nav_ws/install/turtle_navigator/include/turtle_navigator/turtle_navigator/msg/detail/robot_state__builder.hpp
[21.693s] -- Symlinking: /home/pruizayastuy/turtle_nav_ws/install/turtle_navigator/include/turtle_navigator/turtle_navigator/msg/detail/robot_state__struct.hpp
[21.710s] -- Symlinking: /home/pruizayastuy/turtle_nav_ws/install/turtle_navigator/include/turtle_navigator/turtle_navigator/msg/detail/robot_state__traits.hpp
[21.730s] -- Symlinking: /home/pruizayastuy/turtle_nav_ws/install/turtle_navigator/include/turtle_navigator/turtle_navigator/msg/detail/robot_state__type_support.hpp
[21.756s] -- Symlinking: /home/pruizayastuy/turtle_nav_ws/install/turtle_navigator/include/turtle_navigator/turtle_navigator/msg/detail/target_pose__builder.hpp
[21.784s] -- Symlinking: /home/pruizayastuy/turtle_nav_ws/install/turtle_navigator/include/turtle_navigator/turtle_navigator/msg/detail/target_pose__struct.hpp
[21.836s] -- Symlinking: /home/pruizayastuy/turtle_nav_ws/install/turtle_navigator/include/turtle_navigator/turtle_navigator/msg/detail/target_pose__traits.hpp
[21.867s] -- Symlinking: /home/pruizayastuy/turtle_nav_ws/install/turtle_navigator/include/turtle_navigator/turtle_navigator/msg/detail/target_pose__type_support.hpp
[21.885s] -- Symlinking: /home/pruizayastuy/turtle_nav_ws/install/turtle_navigator/include/turtle_navigator/turtle_navigator/msg/robot_state.hpp
[21.902s] -- Symlinking: /home/pruizayastuy/turtle_nav_ws/install/turtle_navigator/include/turtle_navigator/turtle_navigator/msg/rosidl_generator_cpp__visibility_control.hpp
[21.918s] -- Symlinking: /home/pruizayastuy/turtle_nav_ws/install/turtle_navigator/include/turtle_navigator/turtle_navigator/msg/target_pose.hpp
[21.939s] -- Symlinking: /home/pruizayastuy/turtle_nav_ws/install/turtle_navigator/include/turtle_navigator/turtle_navigator/srv/add_waypoint.hpp
[21.959s] -- Symlinking: /home/pruizayastuy/turtle_nav_ws/install/turtle_navigator/include/turtle_navigator/turtle_navigator/srv/clear_waypoints.hpp
[21.986s] -- Symlinking: /home/pruizayastuy/turtle_nav_ws/install/turtle_navigator/include/turtle_navigator/turtle_navigator/srv/detail/add_waypoint__builder.hpp
[22.007s] -- Symlinking: /home/pruizayastuy/turtle_nav_ws/install/turtle_navigator/include/turtle_navigator/turtle_navigator/srv/detail/add_waypoint__struct.hpp
[22.023s] -- Symlinking: /home/pruizayastuy/turtle_nav_ws/install/turtle_navigator/include/turtle_navigator/turtle_navigator/srv/detail/add_waypoint__traits.hpp
[22.039s] -- Symlinking: /home/pruizayastuy/turtle_nav_ws/install/turtle_navigator/include/turtle_navigator/turtle_navigator/srv/detail/add_waypoint__type_support.hpp
[22.061s] -- Symlinking: /home/pruizayastuy/turtle_nav_ws/install/turtle_navigator/include/turtle_navigator/turtle_navigator/srv/detail/clear_waypoints__builder.hpp
[22.081s] -- Symlinking: /home/pruizayastuy/turtle_nav_ws/install/turtle_navigator/include/turtle_navigator/turtle_navigator/srv/detail/clear_waypoints__struct.hpp
[22.103s] -- Symlinking: /home/pruizayastuy/turtle_nav_ws/install/turtle_navigator/include/turtle_navigator/turtle_navigator/srv/detail/clear_waypoints__traits.hpp
[22.127s] -- Symlinking: /home/pruizayastuy/turtle_nav_ws/install/turtle_navigator/include/turtle_navigator/turtle_navigator/srv/detail/clear_waypoints__type_support.hpp
[22.143s] -- Symlinking: /home/pruizayastuy/turtle_nav_ws/install/turtle_navigator/include/turtle_navigator/turtle_navigator/srv/detail/set_control_params__builder.hpp
[22.178s] -- Symlinking: /home/pruizayastuy/turtle_nav_ws/install/turtle_navigator/include/turtle_navigator/turtle_navigator/srv/detail/set_control_params__struct.hpp
[22.204s] -- Symlinking: /home/pruizayastuy/turtle_nav_ws/install/turtle_navigator/include/turtle_navigator/turtle_navigator/srv/detail/set_control_params__traits.hpp
[22.224s] -- Symlinking: /home/pruizayastuy/turtle_nav_ws/install/turtle_navigator/include/turtle_navigator/turtle_navigator/srv/detail/set_control_params__type_support.hpp
[22.234s] -- Symlinking: /home/pruizayastuy/turtle_nav_ws/install/turtle_navigator/include/turtle_navigator/turtle_navigator/srv/set_control_params.hpp
[22.250s] -- Symlinking: /home/pruizayastuy/turtle_nav_ws/install/turtle_navigator/include/turtle_navigator/turtle_navigator/msg/detail/robot_state__rosidl_typesupport_fastrtps_cpp.hpp
[22.268s] -- Symlinking: /home/pruizayastuy/turtle_nav_ws/install/turtle_navigator/include/turtle_navigator/turtle_navigator/msg/detail/target_pose__rosidl_typesupport_fastrtps_cpp.hpp
[22.282s] -- Symlinking: /home/pruizayastuy/turtle_nav_ws/install/turtle_navigator/include/turtle_navigator/turtle_navigator/msg/rosidl_typesupport_fastrtps_cpp__visibility_control.h
[22.300s] -- Symlinking: /home/pruizayastuy/turtle_nav_ws/install/turtle_navigator/include/turtle_navigator/turtle_navigator/srv/detail/add_waypoint__rosidl_typesupport_fastrtps_cpp.hpp
[22.325s] -- Symlinking: /home/pruizayastuy/turtle_nav_ws/install/turtle_navigator/include/turtle_navigator/turtle_navigator/srv/detail/clear_waypoints__rosidl_typesupport_fastrtps_cpp.hpp
[22.340s] -- Symlinking: /home/pruizayastuy/turtle_nav_ws/install/turtle_navigator/include/turtle_navigator/turtle_navigator/srv/detail/set_control_params__rosidl_typesupport_fastrtps_cpp.hpp
[22.351s] -- Symlinking: /home/pruizayastuy/turtle_nav_ws/install/turtle_navigator/include/turtle_navigator/turtle_navigator/msg/detail/robot_state__rosidl_typesupport_introspection_c.h
[22.368s] -- Symlinking: /home/pruizayastuy/turtle_nav_ws/install/turtle_navigator/include/turtle_navigator/turtle_navigator/msg/detail/target_pose__rosidl_typesupport_introspection_c.h
[22.382s] -- Symlinking: /home/pruizayastuy/turtle_nav_ws/install/turtle_navigator/include/turtle_navigator/turtle_navigator/msg/rosidl_typesupport_introspection_c__visibility_control.h
[22.404s] -- Symlinking: /home/pruizayastuy/turtle_nav_ws/install/turtle_navigator/include/turtle_navigator/turtle_navigator/srv/detail/add_waypoint__rosidl_typesupport_introspection_c.h
[22.418s] -- Symlinking: /home/pruizayastuy/turtle_nav_ws/install/turtle_navigator/include/turtle_navigator/turtle_navigator/srv/detail/clear_waypoints__rosidl_typesupport_introspection_c.h
[22.438s] -- Symlinking: /home/pruizayastuy/turtle_nav_ws/install/turtle_navigator/include/turtle_navigator/turtle_navigator/srv/detail/set_control_params__rosidl_typesupport_introspection_c.h
[22.457s] -- Symlinking: /home/pruizayastuy/turtle_nav_ws/install/turtle_navigator/include/turtle_navigator/turtle_navigator/msg/detail/robot_state__rosidl_typesupport_introspection_cpp.hpp
[22.474s] -- Symlinking: /home/pruizayastuy/turtle_nav_ws/install/turtle_navigator/include/turtle_navigator/turtle_navigator/msg/detail/target_pose__rosidl_typesupport_introspection_cpp.hpp
[22.489s] -- Symlinking: /home/pruizayastuy/turtle_nav_ws/install/turtle_navigator/include/turtle_navigator/turtle_navigator/srv/detail/add_waypoint__rosidl_typesupport_introspection_cpp.hpp
[22.512s] -- Symlinking: /home/pruizayastuy/turtle_nav_ws/install/turtle_navigator/include/turtle_navigator/turtle_navigator/srv/detail/clear_waypoints__rosidl_typesupport_introspection_cpp.hpp
[22.528s] -- Symlinking: /home/pruizayastuy/turtle_nav_ws/install/turtle_navigator/include/turtle_navigator/turtle_navigator/srv/detail/set_control_params__rosidl_typesupport_introspection_cpp.hpp
[22.551s] -- Symlinking: /home/pruizayastuy/turtle_nav_ws/install/turtle_navigator/share/turtle_navigator/environment/pythonpath.sh
[22.573s] -- Symlinking: /home/pruizayastuy/turtle_nav_ws/install/turtle_navigator/share/turtle_navigator/environment/pythonpath.dsv
[22.598s] -- Symlinking: /home/pruizayastuy/turtle_nav_ws/install/turtle_navigator/local/lib/python3.10/dist-packages/turtle_navigator-0.0.0-py3.10.egg-info/PKG-INFO
[22.615s] -- Symlinking: /home/pruizayastuy/turtle_nav_ws/install/turtle_navigator/local/lib/python3.10/dist-packages/turtle_navigator-0.0.0-py3.10.egg-info/SOURCES.txt
[22.630s] -- Symlinking: /home/pruizayastuy/turtle_nav_ws/install/turtle_navigator/local/lib/python3.10/dist-packages/turtle_navigator-0.0.0-py3.10.egg-info/dependency_links.txt
[22.651s] -- Symlinking: /home/pruizayastuy/turtle_nav_ws/install/turtle_navigator/local/lib/python3.10/dist-packages/turtle_navigator-0.0.0-py3.10.egg-info/top_level.txt
[22.672s] -- Symlinking: /home/pruizayastuy/turtle_nav_ws/install/turtle_navigator/local/lib/python3.10/dist-packages/turtle_navigator/__init__.py
[22.698s] -- Symlinking: /home/pruizayastuy/turtle_nav_ws/install/turtle_navigator/local/lib/python3.10/dist-packages/turtle_navigator/_turtle_navigator_s.ep.rosidl_typesupport_c.c
[22.719s] -- Symlinking: /home/pruizayastuy/turtle_nav_ws/install/turtle_navigator/local/lib/python3.10/dist-packages/turtle_navigator/_turtle_navigator_s.ep.rosidl_typesupport_fastrtps_c.c
[22.743s] -- Symlinking: /home/pruizayastuy/turtle_nav_ws/install/turtle_navigator/local/lib/python3.10/dist-packages/turtle_navigator/_turtle_navigator_s.ep.rosidl_typesupport_introspection_c.c
[22.784s] -- Symlinking: /home/pruizayastuy/turtle_nav_ws/install/turtle_navigator/local/lib/python3.10/dist-packages/turtle_navigator/libturtle_navigator__rosidl_generator_py.so
[22.801s] -- Symlinking: /home/pruizayastuy/turtle_nav_ws/install/turtle_navigator/local/lib/python3.10/dist-packages/turtle_navigator/msg/__init__.py
[22.850s] -- Symlinking: /home/pruizayastuy/turtle_nav_ws/install/turtle_navigator/local/lib/python3.10/dist-packages/turtle_navigator/msg/_robot_state.py
[22.861s] -- Symlinking: /home/pruizayastuy/turtle_nav_ws/install/turtle_navigator/local/lib/python3.10/dist-packages/turtle_navigator/msg/_robot_state_s.c
[22.878s] -- Symlinking: /home/pruizayastuy/turtle_nav_ws/install/turtle_navigator/local/lib/python3.10/dist-packages/turtle_navigator/msg/_target_pose.py
[22.893s] -- Symlinking: /home/pruizayastuy/turtle_nav_ws/install/turtle_navigator/local/lib/python3.10/dist-packages/turtle_navigator/msg/_target_pose_s.c
[22.915s] -- Symlinking: /home/pruizayastuy/turtle_nav_ws/install/turtle_navigator/local/lib/python3.10/dist-packages/turtle_navigator/srv/__init__.py
[22.965s] -- Symlinking: /home/pruizayastuy/turtle_nav_ws/install/turtle_navigator/local/lib/python3.10/dist-packages/turtle_navigator/srv/_add_waypoint.py
[23.014s] -- Symlinking: /home/pruizayastuy/turtle_nav_ws/install/turtle_navigator/local/lib/python3.10/dist-packages/turtle_navigator/srv/_add_waypoint_s.c
[23.056s] -- Symlinking: /home/pruizayastuy/turtle_nav_ws/install/turtle_navigator/local/lib/python3.10/dist-packages/turtle_navigator/srv/_clear_waypoints.py
[23.102s] -- Symlinking: /home/pruizayastuy/turtle_nav_ws/install/turtle_navigator/local/lib/python3.10/dist-packages/turtle_navigator/srv/_clear_waypoints_s.c
[23.129s] -- Symlinking: /home/pruizayastuy/turtle_nav_ws/install/turtle_navigator/local/lib/python3.10/dist-packages/turtle_navigator/srv/_set_control_params.py
[23.153s] -- Symlinking: /home/pruizayastuy/turtle_nav_ws/install/turtle_navigator/local/lib/python3.10/dist-packages/turtle_navigator/srv/_set_control_params_s.c
[23.175s] -- Symlinking: /home/pruizayastuy/turtle_nav_ws/install/turtle_navigator/local/lib/python3.10/dist-packages/turtle_navigator/turtle_navigator_s__rosidl_typesupport_c.cpython-310-x86_64-linux-gnu.so
[23.194s] -- Symlinking: /home/pruizayastuy/turtle_nav_ws/install/turtle_navigator/local/lib/python3.10/dist-packages/turtle_navigator/turtle_navigator_s__rosidl_typesupport_fastrtps_c.cpython-310-x86_64-linux-gnu.so
[23.209s] -- Symlinking: /home/pruizayastuy/turtle_nav_ws/install/turtle_navigator/local/lib/python3.10/dist-packages/turtle_navigator/turtle_navigator_s__rosidl_typesupport_introspection_c.cpython-310-x86_64-linux-gnu.so
[23.224s] -- Up-to-date symlink: /home/pruizayastuy/turtle_nav_ws/install/turtle_navigator/local/lib/python3.10/dist-packages/turtle_navigator/turtle_navigator_s__rosidl_typesupport_fastrtps_c.cpython-310-x86_64-linux-gnu.so
[23.224s] -- Up-to-date symlink: /home/pruizayastuy/turtle_nav_ws/install/turtle_navigator/local/lib/python3.10/dist-packages/turtle_navigator/turtle_navigator_s__rosidl_typesupport_introspection_c.cpython-310-x86_64-linux-gnu.so
[23.224s] -- Up-to-date symlink: /home/pruizayastuy/turtle_nav_ws/install/turtle_navigator/local/lib/python3.10/dist-packages/turtle_navigator/turtle_navigator_s__rosidl_typesupport_c.cpython-310-x86_64-linux-gnu.so
[23.225s] -- Symlinking: /home/pruizayastuy/turtle_nav_ws/install/turtle_navigator/share/turtle_navigator/msg/TargetPose.idl
[23.243s] -- Symlinking: /home/pruizayastuy/turtle_nav_ws/install/turtle_navigator/share/turtle_navigator/msg/RobotState.idl
[23.305s] -- Symlinking: /home/pruizayastuy/turtle_nav_ws/install/turtle_navigator/share/turtle_navigator/srv/AddWaypoint.idl
[23.306s] -- Symlinking: /home/pruizayastuy/turtle_nav_ws/install/turtle_navigator/share/turtle_navigator/srv/ClearWaypoints.idl
[23.324s] -- Symlinking: /home/pruizayastuy/turtle_nav_ws/install/turtle_navigator/share/turtle_navigator/srv/SetControlParams.idl
[23.351s] -- Symlinking: /home/pruizayastuy/turtle_nav_ws/install/turtle_navigator/share/turtle_navigator/msg/TargetPose.msg
[23.389s] -- Symlinking: /home/pruizayastuy/turtle_nav_ws/install/turtle_navigator/share/turtle_navigator/msg/RobotState.msg
[23.426s] -- Symlinking: /home/pruizayastuy/turtle_nav_ws/install/turtle_navigator/share/turtle_navigator/srv/AddWaypoint.srv
[23.458s] -- Symlinking: /home/pruizayastuy/turtle_nav_ws/install/turtle_navigator/share/turtle_navigator/srv/AddWaypoint_Request.msg
[23.485s] -- Symlinking: /home/pruizayastuy/turtle_nav_ws/install/turtle_navigator/share/turtle_navigator/srv/AddWaypoint_Response.msg
[23.519s] -- Symlinking: /home/pruizayastuy/turtle_nav_ws/install/turtle_navigator/share/turtle_navigator/srv/ClearWaypoints.srv
[23.550s] -- Symlinking: /home/pruizayastuy/turtle_nav_ws/install/turtle_navigator/share/turtle_navigator/srv/ClearWaypoints_Request.msg
[23.571s] -- Symlinking: /home/pruizayastuy/turtle_nav_ws/install/turtle_navigator/share/turtle_navigator/srv/ClearWaypoints_Response.msg
[23.575s] -- Symlinking: /home/pruizayastuy/turtle_nav_ws/install/turtle_navigator/share/turtle_navigator/srv/SetControlParams.srv
[23.617s] -- Symlinking: /home/pruizayastuy/turtle_nav_ws/install/turtle_navigator/share/turtle_navigator/srv/SetControlParams_Request.msg
[23.682s] -- Symlinking: /home/pruizayastuy/turtle_nav_ws/install/turtle_navigator/share/turtle_navigator/srv/SetControlParams_Response.msg
[23.722s] -- Up-to-date symlink: /home/pruizayastuy/turtle_nav_ws/install/turtle_navigator/share/turtle_navigator/msg/RobotState.msg
[23.726s] -- Up-to-date symlink: /home/pruizayastuy/turtle_nav_ws/install/turtle_navigator/share/turtle_navigator/msg/TargetPose.msg
[23.726s] -- Up-to-date symlink: /home/pruizayastuy/turtle_nav_ws/install/turtle_navigator/share/turtle_navigator/srv/AddWaypoint.srv
[23.726s] -- Up-to-date symlink: /home/pruizayastuy/turtle_nav_ws/install/turtle_navigator/share/turtle_navigator/srv/ClearWaypoints.srv
[23.726s] -- Up-to-date symlink: /home/pruizayastuy/turtle_nav_ws/install/turtle_navigator/share/turtle_navigator/srv/SetControlParams.srv
[23.726s] -- Symlinking: /home/pruizayastuy/turtle_nav_ws/install/turtle_navigator/share/ament_index/resource_index/package_run_dependencies/turtle_navigator
[23.746s] -- Symlinking: /home/pruizayastuy/turtle_nav_ws/install/turtle_navigator/share/ament_index/resource_index/parent_prefix_path/turtle_navigator
[23.765s] -- Symlinking: /home/pruizayastuy/turtle_nav_ws/install/turtle_navigator/share/turtle_navigator/environment/ament_prefix_path.sh
[23.822s] -- Symlinking: /home/pruizayastuy/turtle_nav_ws/install/turtle_navigator/share/turtle_navigator/environment/ament_prefix_path.dsv
[23.871s] -- Symlinking: /home/pruizayastuy/turtle_nav_ws/install/turtle_navigator/share/turtle_navigator/environment/path.sh
[23.911s] -- Symlinking: /home/pruizayastuy/turtle_nav_ws/install/turtle_navigator/share/turtle_navigator/environment/path.dsv
[23.956s] -- Symlinking: /home/pruizayastuy/turtle_nav_ws/install/turtle_navigator/share/turtle_navigator/local_setup.bash
[23.981s] -- Symlinking: /home/pruizayastuy/turtle_nav_ws/install/turtle_navigator/share/turtle_navigator/local_setup.sh
[24.001s] -- Symlinking: /home/pruizayastuy/turtle_nav_ws/install/turtle_navigator/share/turtle_navigator/local_setup.zsh
[24.021s] -- Symlinking: /home/pruizayastuy/turtle_nav_ws/install/turtle_navigator/share/turtle_navigator/local_setup.dsv
[24.040s] -- Symlinking: /home/pruizayastuy/turtle_nav_ws/install/turtle_navigator/share/turtle_navigator/package.dsv
[24.077s] -- Symlinking: /home/pruizayastuy/turtle_nav_ws/install/turtle_navigator/share/ament_index/resource_index/packages/turtle_navigator
[24.106s] -- Symlinking: /home/pruizayastuy/turtle_nav_ws/install/turtle_navigator/share/turtle_navigator/cmake/rosidl_cmake-extras.cmake
[24.152s] -- Symlinking: /home/pruizayastuy/turtle_nav_ws/install/turtle_navigator/share/turtle_navigator/cmake/ament_cmake_export_dependencies-extras.cmake
[24.158s] -- Symlinking: /home/pruizayastuy/turtle_nav_ws/install/turtle_navigator/share/turtle_navigator/cmake/ament_cmake_export_include_directories-extras.cmake
[24.185s] -- Symlinking: /home/pruizayastuy/turtle_nav_ws/install/turtle_navigator/share/turtle_navigator/cmake/ament_cmake_export_libraries-extras.cmake
[24.200s] -- Symlinking: /home/pruizayastuy/turtle_nav_ws/install/turtle_navigator/share/turtle_navigator/cmake/ament_cmake_export_targets-extras.cmake
[24.253s] -- Symlinking: /home/pruizayastuy/turtle_nav_ws/install/turtle_navigator/share/turtle_navigator/cmake/rosidl_cmake_export_typesupport_targets-extras.cmake
[24.271s] -- Symlinking: /home/pruizayastuy/turtle_nav_ws/install/turtle_navigator/share/turtle_navigator/cmake/rosidl_cmake_export_typesupport_libraries-extras.cmake
[24.297s] -- Symlinking: /home/pruizayastuy/turtle_nav_ws/install/turtle_navigator/share/turtle_navigator/cmake/turtle_navigatorConfig.cmake
[24.318s] -- Symlinking: /home/pruizayastuy/turtle_nav_ws/install/turtle_navigator/share/turtle_navigator/cmake/turtle_navigatorConfig-version.cmake
[24.353s] -- Symlinking: /home/pruizayastuy/turtle_nav_ws/install/turtle_navigator/share/turtle_navigator/package.xml
[24.384s] -- Installing: /home/pruizayastuy/turtle_nav_ws/install/turtle_navigator/lib/libturtle_navigator__rosidl_generator_c.so
[24.387s] -- Set runtime path of "/home/pruizayastuy/turtle_nav_ws/install/turtle_navigator/lib/libturtle_navigator__rosidl_generator_c.so" to ""
[24.387s] -- Installing: /home/pruizayastuy/turtle_nav_ws/install/turtle_navigator/lib/libturtle_navigator__rosidl_typesupport_fastrtps_c.so
[24.387s] -- Set runtime path of "/home/pruizayastuy/turtle_nav_ws/install/turtle_navigator/lib/libturtle_navigator__rosidl_typesupport_fastrtps_c.so" to ""
[24.387s] -- Installing: /home/pruizayastuy/turtle_nav_ws/install/turtle_navigator/lib/libturtle_navigator__rosidl_typesupport_fastrtps_cpp.so
[24.390s] -- Set runtime path of "/home/pruizayastuy/turtle_nav_ws/install/turtle_navigator/lib/libturtle_navigator__rosidl_typesupport_fastrtps_cpp.so" to ""
[24.390s] -- Installing: /home/pruizayastuy/turtle_nav_ws/install/turtle_navigator/lib/libturtle_navigator__rosidl_typesupport_introspection_c.so
[24.390s] -- Set runtime path of "/home/pruizayastuy/turtle_nav_ws/install/turtle_navigator/lib/libturtle_navigator__rosidl_typesupport_introspection_c.so" to ""
[24.390s] -- Installing: /home/pruizayastuy/turtle_nav_ws/install/turtle_navigator/lib/libturtle_navigator__rosidl_typesupport_c.so
[24.390s] -- Set runtime path of "/home/pruizayastuy/turtle_nav_ws/install/turtle_navigator/lib/libturtle_navigator__rosidl_typesupport_c.so" to ""
[24.390s] -- Installing: /home/pruizayastuy/turtle_nav_ws/install/turtle_navigator/lib/libturtle_navigator__rosidl_typesupport_introspection_cpp.so
[24.390s] -- Set runtime path of "/home/pruizayastuy/turtle_nav_ws/install/turtle_navigator/lib/libturtle_navigator__rosidl_typesupport_introspection_cpp.so" to ""
[24.395s] -- Installing: /home/pruizayastuy/turtle_nav_ws/install/turtle_navigator/lib/libturtle_navigator__rosidl_typesupport_cpp.so
[24.396s] -- Set runtime path of "/home/pruizayastuy/turtle_nav_ws/install/turtle_navigator/lib/libturtle_navigator__rosidl_typesupport_cpp.so" to ""
[24.463s] Listing '/home/pruizayastuy/turtle_nav_ws/install/turtle_navigator/local/lib/python3.10/dist-packages/turtle_navigator'...
[24.463s] Compiling '/home/pruizayastuy/turtle_nav_ws/install/turtle_navigator/local/lib/python3.10/dist-packages/turtle_navigator/__init__.py'...
[24.463s] Listing '/home/pruizayastuy/turtle_nav_ws/install/turtle_navigator/local/lib/python3.10/dist-packages/turtle_navigator/msg'...
[24.463s] Compiling '/home/pruizayastuy/turtle_nav_ws/install/turtle_navigator/local/lib/python3.10/dist-packages/turtle_navigator/msg/__init__.py'...
[24.466s] Compiling '/home/pruizayastuy/turtle_nav_ws/install/turtle_navigator/local/lib/python3.10/dist-packages/turtle_navigator/msg/_robot_state.py'...
[24.466s] Compiling '/home/pruizayastuy/turtle_nav_ws/install/turtle_navigator/local/lib/python3.10/dist-packages/turtle_navigator/msg/_target_pose.py'...
[24.466s] Listing '/home/pruizayastuy/turtle_nav_ws/install/turtle_navigator/local/lib/python3.10/dist-packages/turtle_navigator/srv'...
[24.466s] Compiling '/home/pruizayastuy/turtle_nav_ws/install/turtle_navigator/local/lib/python3.10/dist-packages/turtle_navigator/srv/__init__.py'...
[24.466s] Compiling '/home/pruizayastuy/turtle_nav_ws/install/turtle_navigator/local/lib/python3.10/dist-packages/turtle_navigator/srv/_add_waypoint.py'...
[24.466s] Compiling '/home/pruizayastuy/turtle_nav_ws/install/turtle_navigator/local/lib/python3.10/dist-packages/turtle_navigator/srv/_clear_waypoints.py'...
[24.467s] Compiling '/home/pruizayastuy/turtle_nav_ws/install/turtle_navigator/local/lib/python3.10/dist-packages/turtle_navigator/srv/_set_control_params.py'...
[24.467s] -- Installing: /home/pruizayastuy/turtle_nav_ws/install/turtle_navigator/lib/libturtle_navigator__rosidl_generator_py.so
[24.472s] -- Set runtime path of "/home/pruizayastuy/turtle_nav_ws/install/turtle_navigator/lib/libturtle_navigator__rosidl_generator_py.so" to ""
[24.472s] -- Installing: /home/pruizayastuy/turtle_nav_ws/install/turtle_navigator/lib/turtle_navigator/navigator_controller
[24.473s] -- Installing: /home/pruizayastuy/turtle_nav_ws/install/turtle_navigator/lib/turtle_navigator/waypoint_commander
[24.473s] -- Installing: /home/pruizayastuy/turtle_nav_ws/install/turtle_navigator/share/turtle_navigator/cmake/export_turtle_navigator__rosidl_generator_cExport.cmake
[24.473s] -- Installing: /home/pruizayastuy/turtle_nav_ws/install/turtle_navigator/share/turtle_navigator/cmake/export_turtle_navigator__rosidl_generator_cExport-noconfig.cmake
[24.473s] -- Installing: /home/pruizayastuy/turtle_nav_ws/install/turtle_navigator/share/turtle_navigator/cmake/export_turtle_navigator__rosidl_typesupport_fastrtps_cExport.cmake
[24.473s] -- Installing: /home/pruizayastuy/turtle_nav_ws/install/turtle_navigator/share/turtle_navigator/cmake/export_turtle_navigator__rosidl_typesupport_fastrtps_cExport-noconfig.cmake
[24.473s] -- Installing: /home/pruizayastuy/turtle_nav_ws/install/turtle_navigator/share/turtle_navigator/cmake/export_turtle_navigator__rosidl_generator_cppExport.cmake
[24.473s] -- Installing: /home/pruizayastuy/turtle_nav_ws/install/turtle_navigator/share/turtle_navigator/cmake/export_turtle_navigator__rosidl_typesupport_fastrtps_cppExport.cmake
[24.473s] -- Installing: /home/pruizayastuy/turtle_nav_ws/install/turtle_navigator/share/turtle_navigator/cmake/export_turtle_navigator__rosidl_typesupport_fastrtps_cppExport-noconfig.cmake
[24.473s] -- Installing: /home/pruizayastuy/turtle_nav_ws/install/turtle_navigator/share/turtle_navigator/cmake/turtle_navigator__rosidl_typesupport_introspection_cExport.cmake
[24.473s] -- Installing: /home/pruizayastuy/turtle_nav_ws/install/turtle_navigator/share/turtle_navigator/cmake/turtle_navigator__rosidl_typesupport_introspection_cExport-noconfig.cmake
[24.473s] -- Installing: /home/pruizayastuy/turtle_nav_ws/install/turtle_navigator/share/turtle_navigator/cmake/turtle_navigator__rosidl_typesupport_cExport.cmake
[24.473s] -- Installing: /home/pruizayastuy/turtle_nav_ws/install/turtle_navigator/share/turtle_navigator/cmake/turtle_navigator__rosidl_typesupport_cExport-noconfig.cmake
[24.473s] -- Installing: /home/pruizayastuy/turtle_nav_ws/install/turtle_navigator/share/turtle_navigator/cmake/turtle_navigator__rosidl_typesupport_introspection_cppExport.cmake
[24.473s] -- Installing: /home/pruizayastuy/turtle_nav_ws/install/turtle_navigator/share/turtle_navigator/cmake/turtle_navigator__rosidl_typesupport_introspection_cppExport-noconfig.cmake
[24.473s] -- Installing: /home/pruizayastuy/turtle_nav_ws/install/turtle_navigator/share/turtle_navigator/cmake/turtle_navigator__rosidl_typesupport_cppExport.cmake
[24.473s] -- Installing: /home/pruizayastuy/turtle_nav_ws/install/turtle_navigator/share/turtle_navigator/cmake/turtle_navigator__rosidl_typesupport_cppExport-noconfig.cmake
[24.474s] -- Installing: /home/pruizayastuy/turtle_nav_ws/install/turtle_navigator/share/turtle_navigator/cmake/export_turtle_navigator__rosidl_generator_pyExport.cmake
[24.475s] -- Installing: /home/pruizayastuy/turtle_nav_ws/install/turtle_navigator/share/turtle_navigator/cmake/export_turtle_navigator__rosidl_generator_pyExport-noconfig.cmake
[24.487s] Invoked command in '/home/pruizayastuy/turtle_nav_ws/build/turtle_navigator' returned '0': CMAKE_PREFIX_PATH=${CMAKE_PREFIX_PATH}:/opt/ros/humble /usr/bin/cmake --install /home/pruizayastuy/turtle_nav_ws/build/turtle_navigator
