[0.206s] DEBUG:colcon:Command line arguments: ['/usr/bin/colcon', 'build', '--packages-select', 'turtle_navigator', '--symlink-install']
[0.206s] DEBUG:colcon:Parsed command line arguments: Namespace(log_base=None, log_level=None, verb_name='build', build_base='build', install_base='install', merge_install=False, symlink_install=True, test_result_base=None, continue_on_error=False, executor='parallel', parallel_workers=2, event_handlers=None, ignore_user_meta=False, metas=['./colcon.meta'], base_paths=['.'], packages_ignore=None, packages_ignore_regex=None, paths=None, packages_up_to=None, packages_up_to_regex=None, packages_above=None, packages_above_and_dependencies=None, packages_above_depth=None, packages_select_by_dep=None, packages_skip_by_dep=None, packages_skip_up_to=None, packages_select_build_failed=False, packages_skip_build_finished=False, packages_select_test_failures=False, packages_skip_test_passed=False, packages_select=['turtle_navigator'], packages_skip=None, packages_select_regex=None, packages_skip_regex=None, packages_start=None, packages_end=None, allow_overriding=[], cmake_args=None, cmake_target=None, cmake_target_skip_unavailable=False, cmake_clean_cache=False, cmake_clean_first=False, cmake_force_configure=False, ament_cmake_args=None, catkin_cmake_args=None, catkin_skip_building_tests=False, verb_parser=<colcon_defaults.argument_parser.defaults.DefaultArgumentsDecorator object at 0x728759364070>, verb_extension=<colcon_core.verb.build.BuildVerb object at 0x7287594513f0>, main=<bound method BuildVerb.main of <colcon_core.verb.build.BuildVerb object at 0x7287594513f0>>)
[0.639s] Level 1:colcon.colcon_core.package_discovery:discover_packages(colcon_meta) check parameters
[0.639s] Level 1:colcon.colcon_core.package_discovery:discover_packages(recursive) check parameters
[0.639s] Level 1:colcon.colcon_core.package_discovery:discover_packages(ignore) check parameters
[0.639s] Level 1:colcon.colcon_core.package_discovery:discover_packages(path) check parameters
[0.639s] Level 1:colcon.colcon_core.package_discovery:discover_packages(colcon_meta) discover
[0.639s] Level 1:colcon.colcon_core.package_discovery:discover_packages(recursive) discover
[0.639s] INFO:colcon.colcon_core.package_discovery:Crawling recursively for packages in '/home/pruizayastuy/turtle_nav_ws'
[0.639s] Level 1:colcon.colcon_core.package_identification:_identify(.) by extensions ['ignore', 'ignore_ament_install']
[0.640s] Level 1:colcon.colcon_core.package_identification:_identify(.) by extension 'ignore'
[0.640s] Level 1:colcon.colcon_core.package_identification:_identify(.) by extension 'ignore_ament_install'
[0.640s] Level 1:colcon.colcon_core.package_identification:_identify(.) by extensions ['colcon_pkg']
[0.640s] Level 1:colcon.colcon_core.package_identification:_identify(.) by extension 'colcon_pkg'
[0.640s] Level 1:colcon.colcon_core.package_identification:_identify(.) by extensions ['colcon_meta']
[0.640s] Level 1:colcon.colcon_core.package_identification:_identify(.) by extension 'colcon_meta'
[0.640s] Level 1:colcon.colcon_core.package_identification:_identify(.) by extensions ['ros']
[0.640s] Level 1:colcon.colcon_core.package_identification:_identify(.) by extension 'ros'
[0.654s] Level 1:colcon.colcon_core.package_identification:_identify(.) by extensions ['cmake', 'python']
[0.655s] Level 1:colcon.colcon_core.package_identification:_identify(.) by extension 'cmake'
[0.655s] Level 1:colcon.colcon_core.package_identification:_identify(.) by extension 'python'
[0.655s] Level 1:colcon.colcon_core.package_identification:_identify(.) by extensions ['python_setup_py']
[0.655s] Level 1:colcon.colcon_core.package_identification:_identify(.) by extension 'python_setup_py'
[0.655s] Level 1:colcon.colcon_core.package_identification:_identify(build) by extensions ['ignore', 'ignore_ament_install']
[0.655s] Level 1:colcon.colcon_core.package_identification:_identify(build) by extension 'ignore'
[0.655s] Level 1:colcon.colcon_core.package_identification:_identify(build) ignored
[0.655s] Level 1:colcon.colcon_core.package_identification:_identify(install) by extensions ['ignore', 'ignore_ament_install']
[0.656s] Level 1:colcon.colcon_core.package_identification:_identify(install) by extension 'ignore'
[0.656s] Level 1:colcon.colcon_core.package_identification:_identify(install) ignored
[0.656s] Level 1:colcon.colcon_core.package_identification:_identify(log) by extensions ['ignore', 'ignore_ament_install']
[0.656s] Level 1:colcon.colcon_core.package_identification:_identify(log) by extension 'ignore'
[0.656s] Level 1:colcon.colcon_core.package_identification:_identify(log) ignored
[0.656s] Level 1:colcon.colcon_core.package_identification:_identify(src) by extensions ['ignore', 'ignore_ament_install']
[0.656s] Level 1:colcon.colcon_core.package_identification:_identify(src) by extension 'ignore'
[0.656s] Level 1:colcon.colcon_core.package_identification:_identify(src) by extension 'ignore_ament_install'
[0.656s] Level 1:colcon.colcon_core.package_identification:_identify(src) by extensions ['colcon_pkg']
[0.656s] Level 1:colcon.colcon_core.package_identification:_identify(src) by extension 'colcon_pkg'
[0.656s] Level 1:colcon.colcon_core.package_identification:_identify(src) by extensions ['colcon_meta']
[0.656s] Level 1:colcon.colcon_core.package_identification:_identify(src) by extension 'colcon_meta'
[0.656s] Level 1:colcon.colcon_core.package_identification:_identify(src) by extensions ['ros']
[0.656s] Level 1:colcon.colcon_core.package_identification:_identify(src) by extension 'ros'
[0.657s] Level 1:colcon.colcon_core.package_identification:_identify(src) by extensions ['cmake', 'python']
[0.657s] Level 1:colcon.colcon_core.package_identification:_identify(src) by extension 'cmake'
[0.657s] Level 1:colcon.colcon_core.package_identification:_identify(src) by extension 'python'
[0.657s] Level 1:colcon.colcon_core.package_identification:_identify(src) by extensions ['python_setup_py']
[0.657s] Level 1:colcon.colcon_core.package_identification:_identify(src) by extension 'python_setup_py'
[0.657s] Level 1:colcon.colcon_core.package_identification:_identify(src/turtle_navigator) by extensions ['ignore', 'ignore_ament_install']
[0.657s] Level 1:colcon.colcon_core.package_identification:_identify(src/turtle_navigator) by extension 'ignore'
[0.657s] Level 1:colcon.colcon_core.package_identification:_identify(src/turtle_navigator) by extension 'ignore_ament_install'
[0.657s] Level 1:colcon.colcon_core.package_identification:_identify(src/turtle_navigator) by extensions ['colcon_pkg']
[0.657s] Level 1:colcon.colcon_core.package_identification:_identify(src/turtle_navigator) by extension 'colcon_pkg'
[0.657s] Level 1:colcon.colcon_core.package_identification:_identify(src/turtle_navigator) by extensions ['colcon_meta']
[0.657s] Level 1:colcon.colcon_core.package_identification:_identify(src/turtle_navigator) by extension 'colcon_meta'
[0.657s] Level 1:colcon.colcon_core.package_identification:_identify(src/turtle_navigator) by extensions ['ros']
[0.657s] Level 1:colcon.colcon_core.package_identification:_identify(src/turtle_navigator) by extension 'ros'
[0.661s] DEBUG:colcon.colcon_core.package_identification:Package 'src/turtle_navigator' with type 'ros.ament_cmake' and name 'turtle_navigator'
[0.661s] Level 1:colcon.colcon_core.package_discovery:discover_packages(recursive) using defaults
[0.662s] Level 1:colcon.colcon_core.package_discovery:discover_packages(ignore) discover
[0.662s] Level 1:colcon.colcon_core.package_discovery:discover_packages(ignore) using defaults
[0.662s] Level 1:colcon.colcon_core.package_discovery:discover_packages(path) discover
[0.662s] Level 1:colcon.colcon_core.package_discovery:discover_packages(path) using defaults
[0.687s] Level 1:colcon.colcon_core.package_discovery:discover_packages(prefix_path) check parameters
[0.687s] Level 1:colcon.colcon_core.package_discovery:discover_packages(prefix_path) discover
[0.690s] WARNING:colcon.colcon_ros.prefix_path.ament:The path '/home/pruizayastuy/turtle_nav_ws/install/turtle_navigator' in the environment variable AMENT_PREFIX_PATH doesn't exist
[0.690s] WARNING:colcon.colcon_ros.prefix_path.catkin:The path '/home/pruizayastuy/turtle_nav_ws/install/turtle_navigator' in the environment variable CMAKE_PREFIX_PATH doesn't exist
[0.691s] DEBUG:colcon.colcon_installed_package_information.package_discovery:Found 0 installed packages in /home/pruizayastuy/turtle_nav_ws/install
[0.694s] DEBUG:colcon.colcon_installed_package_information.package_discovery:Found 295 installed packages in /opt/ros/humble
[0.697s] Level 1:colcon.colcon_core.package_discovery:discover_packages(prefix_path) using defaults
[0.755s] Level 5:colcon.colcon_core.verb:set package 'turtle_navigator' build argument 'cmake_args' from command line to 'None'
[0.756s] Level 5:colcon.colcon_core.verb:set package 'turtle_navigator' build argument 'cmake_target' from command line to 'None'
[0.756s] Level 5:colcon.colcon_core.verb:set package 'turtle_navigator' build argument 'cmake_target_skip_unavailable' from command line to 'False'
[0.756s] Level 5:colcon.colcon_core.verb:set package 'turtle_navigator' build argument 'cmake_clean_cache' from command line to 'False'
[0.756s] Level 5:colcon.colcon_core.verb:set package 'turtle_navigator' build argument 'cmake_clean_first' from command line to 'False'
[0.756s] Level 5:colcon.colcon_core.verb:set package 'turtle_navigator' build argument 'cmake_force_configure' from command line to 'False'
[0.756s] Level 5:colcon.colcon_core.verb:set package 'turtle_navigator' build argument 'ament_cmake_args' from command line to 'None'
[0.756s] Level 5:colcon.colcon_core.verb:set package 'turtle_navigator' build argument 'catkin_cmake_args' from command line to 'None'
[0.756s] Level 5:colcon.colcon_core.verb:set package 'turtle_navigator' build argument 'catkin_skip_building_tests' from command line to 'False'
[0.756s] DEBUG:colcon.colcon_core.verb:Building package 'turtle_navigator' with the following arguments: {'ament_cmake_args': None, 'build_base': '/home/pruizayastuy/turtle_nav_ws/build/turtle_navigator', 'catkin_cmake_args': None, 'catkin_skip_building_tests': False, 'cmake_args': None, 'cmake_clean_cache': False, 'cmake_clean_first': False, 'cmake_force_configure': False, 'cmake_target': None, 'cmake_target_skip_unavailable': False, 'install_base': '/home/pruizayastuy/turtle_nav_ws/install/turtle_navigator', 'merge_install': False, 'path': '/home/pruizayastuy/turtle_nav_ws/src/turtle_navigator', 'symlink_install': True, 'test_result_base': None}
[0.756s] INFO:colcon.colcon_core.executor:Executing jobs using 'parallel' executor
[0.758s] DEBUG:colcon.colcon_parallel_executor.executor.parallel:run_until_complete
[0.758s] INFO:colcon.colcon_ros.task.ament_cmake.build:Building ROS package in '/home/pruizayastuy/turtle_nav_ws/src/turtle_navigator' with build type 'ament_cmake'
[0.758s] INFO:colcon.colcon_cmake.task.cmake.build:Building CMake package in '/home/pruizayastuy/turtle_nav_ws/src/turtle_navigator'
[0.762s] INFO:colcon.colcon_core.plugin_system:Skipping extension 'colcon_core.shell.bat': Not used on non-Windows systems
[0.762s] INFO:colcon.colcon_core.shell:Skip shell extension 'powershell' for command environment: Not usable outside of PowerShell
[0.762s] DEBUG:colcon.colcon_core.shell:Skip shell extension 'dsv' for command environment
[0.815s] DEBUG:colcon.colcon_core.event_handler.log_command:Invoking command in '/home/pruizayastuy/turtle_nav_ws/build/turtle_navigator': CMAKE_PREFIX_PATH=${CMAKE_PREFIX_PATH}:/opt/ros/humble /usr/bin/cmake /home/pruizayastuy/turtle_nav_ws/src/turtle_navigator -DAMENT_CMAKE_SYMLINK_INSTALL=1 -DCMAKE_INSTALL_PREFIX=/home/pruizayastuy/turtle_nav_ws/install/turtle_navigator
[3.908s] DEBUG:colcon.colcon_core.event_handler.log_command:Invoked command in '/home/pruizayastuy/turtle_nav_ws/build/turtle_navigator' returned '0': CMAKE_PREFIX_PATH=${CMAKE_PREFIX_PATH}:/opt/ros/humble /usr/bin/cmake /home/pruizayastuy/turtle_nav_ws/src/turtle_navigator -DAMENT_CMAKE_SYMLINK_INSTALL=1 -DCMAKE_INSTALL_PREFIX=/home/pruizayastuy/turtle_nav_ws/install/turtle_navigator
[3.915s] DEBUG:colcon.colcon_core.event_handler.log_command:Invoking command in '/home/pruizayastuy/turtle_nav_ws/build/turtle_navigator': CMAKE_PREFIX_PATH=${CMAKE_PREFIX_PATH}:/opt/ros/humble /usr/bin/cmake --build /home/pruizayastuy/turtle_nav_ws/build/turtle_navigator -- -j2 -l2
[21.713s] DEBUG:colcon.colcon_core.event_handler.log_command:Invoked command in '/home/pruizayastuy/turtle_nav_ws/build/turtle_navigator' returned '0': CMAKE_PREFIX_PATH=${CMAKE_PREFIX_PATH}:/opt/ros/humble /usr/bin/cmake --build /home/pruizayastuy/turtle_nav_ws/build/turtle_navigator -- -j2 -l2
[21.765s] DEBUG:colcon.colcon_core.event_handler.log_command:Invoking command in '/home/pruizayastuy/turtle_nav_ws/build/turtle_navigator': CMAKE_PREFIX_PATH=${CMAKE_PREFIX_PATH}:/opt/ros/humble /usr/bin/cmake --install /home/pruizayastuy/turtle_nav_ws/build/turtle_navigator
[25.245s] Level 1:colcon.colcon_core.environment:create_environment_scripts_only(turtle_navigator)
[25.247s] DEBUG:colcon.colcon_core.event_handler.log_command:Invoked command in '/home/pruizayastuy/turtle_nav_ws/build/turtle_navigator' returned '0': CMAKE_PREFIX_PATH=${CMAKE_PREFIX_PATH}:/opt/ros/humble /usr/bin/cmake --install /home/pruizayastuy/turtle_nav_ws/build/turtle_navigator
[25.265s] Level 1:colcon.colcon_core.environment:checking '/home/pruizayastuy/turtle_nav_ws/install/turtle_navigator' for CMake module files
[25.266s] Level 1:colcon.colcon_core.environment:checking '/home/pruizayastuy/turtle_nav_ws/install/turtle_navigator' for CMake config files
[25.266s] Level 1:colcon.colcon_core.shell:create_environment_hook('turtle_navigator', 'cmake_prefix_path')
[25.267s] INFO:colcon.colcon_core.shell:Creating environment hook '/home/pruizayastuy/turtle_nav_ws/install/turtle_navigator/share/turtle_navigator/hook/cmake_prefix_path.ps1'
[25.268s] INFO:colcon.colcon_core.shell:Creating environment descriptor '/home/pruizayastuy/turtle_nav_ws/install/turtle_navigator/share/turtle_navigator/hook/cmake_prefix_path.dsv'
[25.269s] INFO:colcon.colcon_core.shell:Creating environment hook '/home/pruizayastuy/turtle_nav_ws/install/turtle_navigator/share/turtle_navigator/hook/cmake_prefix_path.sh'
[25.270s] Level 1:colcon.colcon_core.environment:checking '/home/pruizayastuy/turtle_nav_ws/install/turtle_navigator/lib'
[25.270s] Level 1:colcon.colcon_core.shell:create_environment_hook('turtle_navigator', 'ld_library_path_lib')
[25.271s] INFO:colcon.colcon_core.shell:Creating environment hook '/home/pruizayastuy/turtle_nav_ws/install/turtle_navigator/share/turtle_navigator/hook/ld_library_path_lib.ps1'
[25.271s] INFO:colcon.colcon_core.shell:Creating environment descriptor '/home/pruizayastuy/turtle_nav_ws/install/turtle_navigator/share/turtle_navigator/hook/ld_library_path_lib.dsv'
[25.272s] INFO:colcon.colcon_core.shell:Creating environment hook '/home/pruizayastuy/turtle_nav_ws/install/turtle_navigator/share/turtle_navigator/hook/ld_library_path_lib.sh'
[25.272s] Level 1:colcon.colcon_core.environment:checking '/home/pruizayastuy/turtle_nav_ws/install/turtle_navigator/bin'
[25.273s] Level 1:colcon.colcon_core.environment:checking '/home/pruizayastuy/turtle_nav_ws/install/turtle_navigator/lib/pkgconfig/turtle_navigator.pc'
[25.273s] Level 1:colcon.colcon_core.environment:checking '/home/pruizayastuy/turtle_nav_ws/install/turtle_navigator/lib/python3.10/site-packages'
[25.274s] Level 1:colcon.colcon_core.environment:checking '/home/pruizayastuy/turtle_nav_ws/install/turtle_navigator/bin'
[25.274s] INFO:colcon.colcon_core.shell:Creating package script '/home/pruizayastuy/turtle_nav_ws/install/turtle_navigator/share/turtle_navigator/package.ps1'
[25.277s] INFO:colcon.colcon_core.shell:Creating package descriptor '/home/pruizayastuy/turtle_nav_ws/install/turtle_navigator/share/turtle_navigator/package.dsv'
[25.279s] INFO:colcon.colcon_core.shell:Creating package script '/home/pruizayastuy/turtle_nav_ws/install/turtle_navigator/share/turtle_navigator/package.sh'
[25.281s] INFO:colcon.colcon_core.shell:Creating package script '/home/pruizayastuy/turtle_nav_ws/install/turtle_navigator/share/turtle_navigator/package.bash'
[25.289s] INFO:colcon.colcon_core.shell:Creating package script '/home/pruizayastuy/turtle_nav_ws/install/turtle_navigator/share/turtle_navigator/package.zsh'
[25.291s] Level 1:colcon.colcon_core.environment:create_file_with_runtime_dependencies(/home/pruizayastuy/turtle_nav_ws/install/turtle_navigator/share/colcon-core/packages/turtle_navigator)
[25.292s] Level 1:colcon.colcon_core.environment:create_environment_scripts_only(turtle_navigator)
[25.292s] Level 1:colcon.colcon_core.environment:checking '/home/pruizayastuy/turtle_nav_ws/install/turtle_navigator' for CMake module files
[25.293s] Level 1:colcon.colcon_core.environment:checking '/home/pruizayastuy/turtle_nav_ws/install/turtle_navigator' for CMake config files
[25.294s] Level 1:colcon.colcon_core.shell:create_environment_hook('turtle_navigator', 'cmake_prefix_path')
[25.294s] INFO:colcon.colcon_core.shell:Creating environment hook '/home/pruizayastuy/turtle_nav_ws/install/turtle_navigator/share/turtle_navigator/hook/cmake_prefix_path.ps1'
[25.296s] INFO:colcon.colcon_core.shell:Creating environment descriptor '/home/pruizayastuy/turtle_nav_ws/install/turtle_navigator/share/turtle_navigator/hook/cmake_prefix_path.dsv'
[25.298s] INFO:colcon.colcon_core.shell:Creating environment hook '/home/pruizayastuy/turtle_nav_ws/install/turtle_navigator/share/turtle_navigator/hook/cmake_prefix_path.sh'
[25.302s] Level 1:colcon.colcon_core.environment:checking '/home/pruizayastuy/turtle_nav_ws/install/turtle_navigator/lib'
[25.303s] Level 1:colcon.colcon_core.shell:create_environment_hook('turtle_navigator', 'ld_library_path_lib')
[25.303s] INFO:colcon.colcon_core.shell:Creating environment hook '/home/pruizayastuy/turtle_nav_ws/install/turtle_navigator/share/turtle_navigator/hook/ld_library_path_lib.ps1'
[25.316s] INFO:colcon.colcon_core.shell:Creating environment descriptor '/home/pruizayastuy/turtle_nav_ws/install/turtle_navigator/share/turtle_navigator/hook/ld_library_path_lib.dsv'
[25.319s] INFO:colcon.colcon_core.shell:Creating environment hook '/home/pruizayastuy/turtle_nav_ws/install/turtle_navigator/share/turtle_navigator/hook/ld_library_path_lib.sh'
[25.321s] Level 1:colcon.colcon_core.environment:checking '/home/pruizayastuy/turtle_nav_ws/install/turtle_navigator/bin'
[25.321s] Level 1:colcon.colcon_core.environment:checking '/home/pruizayastuy/turtle_nav_ws/install/turtle_navigator/lib/pkgconfig/turtle_navigator.pc'
[25.322s] Level 1:colcon.colcon_core.environment:checking '/home/pruizayastuy/turtle_nav_ws/install/turtle_navigator/lib/python3.10/site-packages'
[25.322s] Level 1:colcon.colcon_core.environment:checking '/home/pruizayastuy/turtle_nav_ws/install/turtle_navigator/bin'
[25.322s] INFO:colcon.colcon_core.shell:Creating package script '/home/pruizayastuy/turtle_nav_ws/install/turtle_navigator/share/turtle_navigator/package.ps1'
[25.324s] INFO:colcon.colcon_core.shell:Creating package descriptor '/home/pruizayastuy/turtle_nav_ws/install/turtle_navigator/share/turtle_navigator/package.dsv'
[25.326s] INFO:colcon.colcon_core.shell:Creating package script '/home/pruizayastuy/turtle_nav_ws/install/turtle_navigator/share/turtle_navigator/package.sh'
[25.328s] INFO:colcon.colcon_core.shell:Creating package script '/home/pruizayastuy/turtle_nav_ws/install/turtle_navigator/share/turtle_navigator/package.bash'
[25.329s] INFO:colcon.colcon_core.shell:Creating package script '/home/pruizayastuy/turtle_nav_ws/install/turtle_navigator/share/turtle_navigator/package.zsh'
[25.331s] Level 1:colcon.colcon_core.environment:create_file_with_runtime_dependencies(/home/pruizayastuy/turtle_nav_ws/install/turtle_navigator/share/colcon-core/packages/turtle_navigator)
[25.332s] DEBUG:colcon.colcon_parallel_executor.executor.parallel:closing loop
[25.334s] DEBUG:colcon.colcon_parallel_executor.executor.parallel:loop closed
[25.335s] DEBUG:colcon.colcon_parallel_executor.executor.parallel:run_until_complete finished with '0'
[25.335s] DEBUG:colcon.colcon_core.event_reactor:joining thread
[25.354s] INFO:colcon.colcon_core.plugin_system:Skipping extension 'colcon_notification.desktop_notification.notify_send': Could not find 'notify-send'
[25.356s] INFO:colcon.colcon_core.plugin_system:Skipping extension 'colcon_notification.desktop_notification.terminal_notifier': Not used on non-Darwin systems
[25.357s] INFO:colcon.colcon_core.plugin_system:Skipping extension 'colcon_notification.desktop_notification.win32': Not used on non-Windows systems
[25.358s] INFO:colcon.colcon_notification.desktop_notification:Sending desktop notification using 'notify2'
[25.395s] DEBUG:colcon.colcon_core.event_reactor:joined thread
[25.396s] INFO:colcon.colcon_core.shell:Creating prefix script '/home/pruizayastuy/turtle_nav_ws/install/local_setup.ps1'
[25.398s] INFO:colcon.colcon_core.shell:Creating prefix util module '/home/pruizayastuy/turtle_nav_ws/install/_local_setup_util_ps1.py'
[25.402s] INFO:colcon.colcon_core.shell:Creating prefix chain script '/home/pruizayastuy/turtle_nav_ws/install/setup.ps1'
[25.404s] INFO:colcon.colcon_core.shell:Creating prefix script '/home/pruizayastuy/turtle_nav_ws/install/local_setup.sh'
[25.419s] INFO:colcon.colcon_core.shell:Creating prefix util module '/home/pruizayastuy/turtle_nav_ws/install/_local_setup_util_sh.py'
[25.421s] INFO:colcon.colcon_core.shell:Creating prefix chain script '/home/pruizayastuy/turtle_nav_ws/install/setup.sh'
[25.423s] INFO:colcon.colcon_core.shell:Creating prefix script '/home/pruizayastuy/turtle_nav_ws/install/local_setup.bash'
[25.424s] INFO:colcon.colcon_core.shell:Creating prefix chain script '/home/pruizayastuy/turtle_nav_ws/install/setup.bash'
[25.426s] INFO:colcon.colcon_core.shell:Creating prefix script '/home/pruizayastuy/turtle_nav_ws/install/local_setup.zsh'
[25.426s] INFO:colcon.colcon_core.shell:Creating prefix chain script '/home/pruizayastuy/turtle_nav_ws/install/setup.zsh'
